[2025-06-29T19:49:01.668+0000] {taskinstance.py:1956} INFO - Dependencies all met for dep_context=non-requeueable deps ti=<TaskInstance: films_dag_orchestaror.dbt_task scheduled__2025-06-29T19:48:00+00:00 [queued]>
[2025-06-29T19:49:01.676+0000] {taskinstance.py:1956} INFO - Dependencies all met for dep_context=requeueable deps ti=<TaskInstance: films_dag_orchestaror.dbt_task scheduled__2025-06-29T19:48:00+00:00 [queued]>
[2025-06-29T19:49:01.677+0000] {taskinstance.py:2170} INFO - Starting attempt 1 of 1
[2025-06-29T19:49:01.754+0000] {taskinstance.py:2191} INFO - Executing <Task(DockerOperator): dbt_task> on 2025-06-29 19:48:00+00:00
[2025-06-29T19:49:01.759+0000] {standard_task_runner.py:60} INFO - Started process 199 to run task
[2025-06-29T19:49:01.766+0000] {standard_task_runner.py:87} INFO - Running: ['airflow', 'tasks', 'run', 'films_dag_orchestaror', 'dbt_task', 'scheduled__2025-06-29T19:48:00+00:00', '--job-id', '80', '--raw', '--subdir', 'DAGS_FOLDER/orchestrator.py', '--cfg-path', '/tmp/tmpci9_p0ed']
[2025-06-29T19:49:01.768+0000] {standard_task_runner.py:88} INFO - Job 80: Subtask dbt_task
[2025-06-29T19:49:01.822+0000] {task_command.py:423} INFO - Running <TaskInstance: films_dag_orchestaror.dbt_task scheduled__2025-06-29T19:48:00+00:00 [running]> on host 48d7328e5244
[2025-06-29T19:49:01.909+0000] {taskinstance.py:2480} INFO - Exporting env vars: AIRFLOW_CTX_DAG_OWNER='airflow' AIRFLOW_CTX_DAG_ID='films_dag_orchestaror' AIRFLOW_CTX_TASK_ID='dbt_task' AIRFLOW_CTX_EXECUTION_DATE='2025-06-29T19:48:00+00:00' AIRFLOW_CTX_TRY_NUMBER='1' AIRFLOW_CTX_DAG_RUN_ID='scheduled__2025-06-29T19:48:00+00:00'
[2025-06-29T19:49:01.939+0000] {docker.py:359} INFO - Starting docker container from image ghcr.io/dbt-labs/dbt-postgres:1.9.latest
[2025-06-29T19:49:01.947+0000] {docker.py:367} WARNING - Using remote engine or docker-in-docker and mounting temporary volume from host is not supported. Falling back to `mount_tmp_dir=False` mode. You can set `mount_tmp_dir` parameter to False to disable mounting and remove the warning
[2025-06-29T19:49:03.901+0000] {docker.py:429} INFO - [0m19:49:03  Running with dbt=1.9.0
[2025-06-29T19:49:04.197+0000] {docker.py:429} INFO - [0m19:49:04  Registered adapter: postgres=1.9.0
[2025-06-29T19:49:04.391+0000] {docker.py:429} INFO - [0m19:49:04  [[33mWARNING[0m]: Configuration paths exist in your dbt_project.yml file which do not apply to any resources.
There are 1 unused configuration paths:
- models.my_dbt_project.example
[2025-06-29T19:49:04.563+0000] {docker.py:429} INFO - [0m19:49:04  Found 3 models, 3 sources, 431 macros
[2025-06-29T19:49:04.566+0000] {docker.py:429} INFO - [0m19:49:04
[2025-06-29T19:49:04.567+0000] {docker.py:429} INFO - [0m19:49:04  Concurrency: 4 threads (target='dev')
[2025-06-29T19:49:04.568+0000] {docker.py:429} INFO - [0m19:49:04
[2025-06-29T19:49:04.680+0000] {docker.py:429} INFO - [0m19:49:04  1 of 3 START sql table model dev.film_rating ................................... [RUN]
[2025-06-29T19:49:04.681+0000] {docker.py:429} INFO - [0m19:49:04  2 of 3 START sql table model dev.staging ....................................... [RUN]
[2025-06-29T19:49:04.854+0000] {docker.py:429} INFO - [0m19:49:04  2 of 3 OK created sql table model dev.staging .................................. [[32mSELECT 780[0m in 0.17s]
[2025-06-29T19:49:04.857+0000] {docker.py:429} INFO - [0m19:49:04  1 of 3 OK created sql table model dev.film_rating .............................. [[32mSELECT 780[0m in 0.17s]
[2025-06-29T19:49:04.860+0000] {docker.py:429} INFO - [0m19:49:04  3 of 3 START sql table model dev.film_actors ................................... [RUN]
[2025-06-29T19:49:06.227+0000] {docker.py:429} INFO - [0m19:49:06  3 of 3 OK created sql table model dev.film_actors .............................. [[32mSELECT 1186380[0m in 1.36s]
[2025-06-29T19:49:06.243+0000] {docker.py:429} INFO - [0m19:49:06
[2025-06-29T19:49:06.243+0000] {docker.py:429} INFO - [0m19:49:06  Finished running 3 table models in 0 hours 0 minutes and 1.67 seconds (1.67s).
[2025-06-29T19:49:06.287+0000] {docker.py:429} INFO - [0m19:49:06
[2025-06-29T19:49:06.288+0000] {docker.py:429} INFO - [0m19:49:06  [32mCompleted successfully[0m
[2025-06-29T19:49:06.289+0000] {docker.py:429} INFO - [0m19:49:06
[2025-06-29T19:49:06.290+0000] {docker.py:429} INFO - [0m19:49:06  Done. PASS=3 WARN=0 ERROR=0 SKIP=0 TOTAL=3
[2025-06-29T19:49:08.388+0000] {taskinstance.py:1138} INFO - Marking task as SUCCESS. dag_id=films_dag_orchestaror, task_id=dbt_task, execution_date=20250629T194800, start_date=20250629T194901, end_date=20250629T194908
[2025-06-29T19:49:08.434+0000] {local_task_job_runner.py:234} INFO - Task exited with return code 0
[2025-06-29T19:49:08.456+0000] {taskinstance.py:3280} INFO - 0 downstream tasks scheduled from follow-on schedule check
