[2025-06-29T20:01:01.260+0000] {taskinstance.py:1956} INFO - Dependencies all met for dep_context=non-requeueable deps ti=<TaskInstance: films_dag_orchestaror.dbt_task scheduled__2025-06-29T20:00:00+00:00 [queued]>
[2025-06-29T20:01:01.269+0000] {taskinstance.py:1956} INFO - Dependencies all met for dep_context=requeueable deps ti=<TaskInstance: films_dag_orchestaror.dbt_task scheduled__2025-06-29T20:00:00+00:00 [queued]>
[2025-06-29T20:01:01.269+0000] {taskinstance.py:2170} INFO - Starting attempt 1 of 1
[2025-06-29T20:01:01.280+0000] {taskinstance.py:2191} INFO - Executing <Task(DockerOperator): dbt_task> on 2025-06-29 20:00:00+00:00
[2025-06-29T20:01:01.284+0000] {standard_task_runner.py:60} INFO - Started process 221 to run task
[2025-06-29T20:01:01.287+0000] {standard_task_runner.py:87} INFO - Running: ['airflow', 'tasks', 'run', 'films_dag_orchestaror', 'dbt_task', 'scheduled__2025-06-29T20:00:00+00:00', '--job-id', '105', '--raw', '--subdir', 'DAGS_FOLDER/orchestrator.py', '--cfg-path', '/tmp/tmpkxsqi1kn']
[2025-06-29T20:01:01.289+0000] {standard_task_runner.py:88} INFO - Job 105: Subtask dbt_task
[2025-06-29T20:01:01.340+0000] {task_command.py:423} INFO - Running <TaskInstance: films_dag_orchestaror.dbt_task scheduled__2025-06-29T20:00:00+00:00 [running]> on host 6dc6e09fdeaa
[2025-06-29T20:01:01.446+0000] {taskinstance.py:2480} INFO - Exporting env vars: AIRFLOW_CTX_DAG_OWNER='airflow' AIRFLOW_CTX_DAG_ID='films_dag_orchestaror' AIRFLOW_CTX_TASK_ID='dbt_task' AIRFLOW_CTX_EXECUTION_DATE='2025-06-29T20:00:00+00:00' AIRFLOW_CTX_TRY_NUMBER='1' AIRFLOW_CTX_DAG_RUN_ID='scheduled__2025-06-29T20:00:00+00:00'
[2025-06-29T20:01:01.482+0000] {docker.py:359} INFO - Starting docker container from image ghcr.io/dbt-labs/dbt-postgres:1.9.latest
[2025-06-29T20:01:01.491+0000] {docker.py:367} WARNING - Using remote engine or docker-in-docker and mounting temporary volume from host is not supported. Falling back to `mount_tmp_dir=False` mode. You can set `mount_tmp_dir` parameter to False to disable mounting and remove the warning
[2025-06-29T20:01:03.575+0000] {docker.py:429} INFO - [0m20:01:03  Running with dbt=1.9.0
[2025-06-29T20:01:03.870+0000] {docker.py:429} INFO - [0m20:01:03  Registered adapter: postgres=1.9.0
[2025-06-29T20:01:04.070+0000] {docker.py:429} INFO - [0m20:01:04  [[33mWARNING[0m]: Configuration paths exist in your dbt_project.yml file which do not apply to any resources.
There are 1 unused configuration paths:
- models.my_dbt_project.example
[2025-06-29T20:01:04.232+0000] {docker.py:429} INFO - [0m20:01:04  Found 3 models, 3 sources, 431 macros
[2025-06-29T20:01:04.235+0000] {docker.py:429} INFO - [0m20:01:04
[2025-06-29T20:01:04.236+0000] {docker.py:429} INFO - [0m20:01:04  Concurrency: 4 threads (target='dev')
[2025-06-29T20:01:04.237+0000] {docker.py:429} INFO - [0m20:01:04
[2025-06-29T20:01:04.345+0000] {docker.py:429} INFO - [0m20:01:04  1 of 3 START sql table model dev.film_rating ................................... [RUN]
[2025-06-29T20:01:04.346+0000] {docker.py:429} INFO - [0m20:01:04  2 of 3 START sql table model dev.staging ....................................... [RUN]
[2025-06-29T20:01:04.519+0000] {docker.py:429} INFO - [0m20:01:04  2 of 3 OK created sql table model dev.staging .................................. [[32mSELECT 1020[0m in 0.17s]
[2025-06-29T20:01:04.521+0000] {docker.py:429} INFO - [0m20:01:04  1 of 3 OK created sql table model dev.film_rating .............................. [[32mSELECT 1020[0m in 0.17s]
[2025-06-29T20:01:04.525+0000] {docker.py:429} INFO - [0m20:01:04  3 of 3 START sql table model dev.film_actors ................................... [RUN]
[2025-06-29T20:01:06.916+0000] {docker.py:429} INFO - [0m20:01:06  3 of 3 OK created sql table model dev.film_actors .............................. [[32mSELECT 2653020[0m in 2.39s]
[2025-06-29T20:01:06.934+0000] {docker.py:429} INFO - [0m20:01:06
[2025-06-29T20:01:06.936+0000] {docker.py:429} INFO - [0m20:01:06  Finished running 3 table models in 0 hours 0 minutes and 2.70 seconds (2.70s).
[2025-06-29T20:01:06.977+0000] {docker.py:429} INFO - [0m20:01:06
[2025-06-29T20:01:06.978+0000] {docker.py:429} INFO - [0m20:01:06  [32mCompleted successfully[0m
[2025-06-29T20:01:06.979+0000] {docker.py:429} INFO - [0m20:01:06
[2025-06-29T20:01:06.980+0000] {docker.py:429} INFO - [0m20:01:06  Done. PASS=3 WARN=0 ERROR=0 SKIP=0 TOTAL=3
[2025-06-29T20:01:08.225+0000] {taskinstance.py:1138} INFO - Marking task as SUCCESS. dag_id=films_dag_orchestaror, task_id=dbt_task, execution_date=20250629T200000, start_date=20250629T200101, end_date=20250629T200108
[2025-06-29T20:01:08.273+0000] {local_task_job_runner.py:234} INFO - Task exited with return code 0
[2025-06-29T20:01:08.296+0000] {taskinstance.py:3280} INFO - 0 downstream tasks scheduled from follow-on schedule check
