[2025-06-28T05:54:11.793+0000] {processor.py:161} INFO - Started process (PID=160) to work on /opt/airflow/dags/orchestrator.py
[2025-06-28T05:54:11.795+0000] {processor.py:830} INFO - Processing file /opt/airflow/dags/orchestrator.py for tasks to queue
[2025-06-28T05:54:11.796+0000] {logging_mixin.py:188} INFO - [2025-06-28T05:54:11.796+0000] {dagbag.py:538} INFO - Filling up the DagBag from /opt/airflow/dags/orchestrator.py
[2025-06-28T05:54:11.821+0000] {processor.py:840} INFO - DAG(s) 'films_dag_orchestaror' retrieved from /opt/airflow/dags/orchestrator.py
[2025-06-28T05:54:12.085+0000] {logging_mixin.py:188} INFO - [2025-06-28T05:54:12.085+0000] {dag.py:3036} INFO - Sync 1 DAGs
[2025-06-28T05:54:12.104+0000] {logging_mixin.py:188} INFO - [2025-06-28T05:54:12.104+0000] {dag.py:3823} INFO - Setting next_dagrun for films_dag_orchestaror to 2025-06-28 01:03:00+00:00, run_after=2025-06-28 01:04:00+00:00
[2025-06-28T05:54:12.121+0000] {processor.py:183} INFO - Processing /opt/airflow/dags/orchestrator.py took 0.331 seconds
[2025-06-28T05:54:42.412+0000] {processor.py:161} INFO - Started process (PID=166) to work on /opt/airflow/dags/orchestrator.py
[2025-06-28T05:54:42.413+0000] {processor.py:830} INFO - Processing file /opt/airflow/dags/orchestrator.py for tasks to queue
[2025-06-28T05:54:42.414+0000] {logging_mixin.py:188} INFO - [2025-06-28T05:54:42.414+0000] {dagbag.py:538} INFO - Filling up the DagBag from /opt/airflow/dags/orchestrator.py
[2025-06-28T05:54:42.424+0000] {processor.py:840} INFO - DAG(s) 'films_dag_orchestaror' retrieved from /opt/airflow/dags/orchestrator.py
[2025-06-28T05:54:42.523+0000] {logging_mixin.py:188} INFO - [2025-06-28T05:54:42.522+0000] {dag.py:3036} INFO - Sync 1 DAGs
[2025-06-28T05:54:42.541+0000] {logging_mixin.py:188} INFO - [2025-06-28T05:54:42.541+0000] {dag.py:3823} INFO - Setting next_dagrun for films_dag_orchestaror to 2025-06-28 01:03:00+00:00, run_after=2025-06-28 01:04:00+00:00
[2025-06-28T05:54:42.560+0000] {processor.py:183} INFO - Processing /opt/airflow/dags/orchestrator.py took 0.151 seconds
[2025-06-28T05:55:12.615+0000] {processor.py:161} INFO - Started process (PID=295) to work on /opt/airflow/dags/orchestrator.py
[2025-06-28T05:55:12.616+0000] {processor.py:830} INFO - Processing file /opt/airflow/dags/orchestrator.py for tasks to queue
[2025-06-28T05:55:12.617+0000] {logging_mixin.py:188} INFO - [2025-06-28T05:55:12.617+0000] {dagbag.py:538} INFO - Filling up the DagBag from /opt/airflow/dags/orchestrator.py
[2025-06-28T05:55:12.652+0000] {processor.py:840} INFO - DAG(s) 'films_dag_orchestaror' retrieved from /opt/airflow/dags/orchestrator.py
[2025-06-28T05:55:12.695+0000] {logging_mixin.py:188} INFO - [2025-06-28T05:55:12.694+0000] {dag.py:3036} INFO - Sync 1 DAGs
[2025-06-28T05:55:12.825+0000] {logging_mixin.py:188} INFO - [2025-06-28T05:55:12.825+0000] {dag.py:3823} INFO - Setting next_dagrun for films_dag_orchestaror to 2025-06-28 01:18:00+00:00, run_after=2025-06-28 01:19:00+00:00
[2025-06-28T05:55:12.865+0000] {processor.py:183} INFO - Processing /opt/airflow/dags/orchestrator.py took 0.262 seconds
[2025-06-28T05:55:42.931+0000] {processor.py:161} INFO - Started process (PID=423) to work on /opt/airflow/dags/orchestrator.py
[2025-06-28T05:55:42.932+0000] {processor.py:830} INFO - Processing file /opt/airflow/dags/orchestrator.py for tasks to queue
[2025-06-28T05:55:42.933+0000] {logging_mixin.py:188} INFO - [2025-06-28T05:55:42.933+0000] {dagbag.py:538} INFO - Filling up the DagBag from /opt/airflow/dags/orchestrator.py
[2025-06-28T05:55:42.943+0000] {processor.py:840} INFO - DAG(s) 'films_dag_orchestaror' retrieved from /opt/airflow/dags/orchestrator.py
[2025-06-28T05:55:42.971+0000] {logging_mixin.py:188} INFO - [2025-06-28T05:55:42.971+0000] {dag.py:3036} INFO - Sync 1 DAGs
[2025-06-28T05:55:42.992+0000] {logging_mixin.py:188} INFO - [2025-06-28T05:55:42.992+0000] {dag.py:3823} INFO - Setting next_dagrun for films_dag_orchestaror to 2025-06-28 01:33:00+00:00, run_after=2025-06-28 01:34:00+00:00
[2025-06-28T05:55:43.009+0000] {processor.py:183} INFO - Processing /opt/airflow/dags/orchestrator.py took 0.081 seconds
[2025-06-28T05:56:13.096+0000] {processor.py:161} INFO - Started process (PID=544) to work on /opt/airflow/dags/orchestrator.py
[2025-06-28T05:56:13.096+0000] {processor.py:830} INFO - Processing file /opt/airflow/dags/orchestrator.py for tasks to queue
[2025-06-28T05:56:13.097+0000] {logging_mixin.py:188} INFO - [2025-06-28T05:56:13.097+0000] {dagbag.py:538} INFO - Filling up the DagBag from /opt/airflow/dags/orchestrator.py
[2025-06-28T05:56:13.107+0000] {processor.py:840} INFO - DAG(s) 'films_dag_orchestaror' retrieved from /opt/airflow/dags/orchestrator.py
[2025-06-28T05:56:13.150+0000] {logging_mixin.py:188} INFO - [2025-06-28T05:56:13.150+0000] {dag.py:3036} INFO - Sync 1 DAGs
[2025-06-28T05:56:13.211+0000] {logging_mixin.py:188} INFO - [2025-06-28T05:56:13.211+0000] {dag.py:3823} INFO - Setting next_dagrun for films_dag_orchestaror to 2025-06-28 01:49:00+00:00, run_after=2025-06-28 01:50:00+00:00
[2025-06-28T05:56:13.229+0000] {processor.py:183} INFO - Processing /opt/airflow/dags/orchestrator.py took 0.136 seconds
[2025-06-28T05:56:43.307+0000] {processor.py:161} INFO - Started process (PID=670) to work on /opt/airflow/dags/orchestrator.py
[2025-06-28T05:56:43.308+0000] {processor.py:830} INFO - Processing file /opt/airflow/dags/orchestrator.py for tasks to queue
[2025-06-28T05:56:43.309+0000] {logging_mixin.py:188} INFO - [2025-06-28T05:56:43.309+0000] {dagbag.py:538} INFO - Filling up the DagBag from /opt/airflow/dags/orchestrator.py
[2025-06-28T05:56:43.321+0000] {processor.py:840} INFO - DAG(s) 'films_dag_orchestaror' retrieved from /opt/airflow/dags/orchestrator.py
[2025-06-28T05:56:43.352+0000] {logging_mixin.py:188} INFO - [2025-06-28T05:56:43.351+0000] {dag.py:3036} INFO - Sync 1 DAGs
[2025-06-28T05:56:43.374+0000] {logging_mixin.py:188} INFO - [2025-06-28T05:56:43.374+0000] {dag.py:3823} INFO - Setting next_dagrun for films_dag_orchestaror to 2025-06-28 02:05:00+00:00, run_after=2025-06-28 02:06:00+00:00
[2025-06-28T05:56:43.394+0000] {processor.py:183} INFO - Processing /opt/airflow/dags/orchestrator.py took 0.091 seconds
[2025-06-28T05:57:13.521+0000] {processor.py:161} INFO - Started process (PID=803) to work on /opt/airflow/dags/orchestrator.py
[2025-06-28T05:57:13.522+0000] {processor.py:830} INFO - Processing file /opt/airflow/dags/orchestrator.py for tasks to queue
[2025-06-28T05:57:13.523+0000] {logging_mixin.py:188} INFO - [2025-06-28T05:57:13.522+0000] {dagbag.py:538} INFO - Filling up the DagBag from /opt/airflow/dags/orchestrator.py
[2025-06-28T05:57:13.533+0000] {processor.py:840} INFO - DAG(s) 'films_dag_orchestaror' retrieved from /opt/airflow/dags/orchestrator.py
[2025-06-28T05:57:13.560+0000] {logging_mixin.py:188} INFO - [2025-06-28T05:57:13.560+0000] {dag.py:3036} INFO - Sync 1 DAGs
[2025-06-28T05:57:13.582+0000] {logging_mixin.py:188} INFO - [2025-06-28T05:57:13.582+0000] {dag.py:3823} INFO - Setting next_dagrun for films_dag_orchestaror to 2025-06-28 02:21:00+00:00, run_after=2025-06-28 02:22:00+00:00
[2025-06-28T05:57:13.599+0000] {processor.py:183} INFO - Processing /opt/airflow/dags/orchestrator.py took 0.082 seconds
[2025-06-28T05:57:43.667+0000] {processor.py:161} INFO - Started process (PID=930) to work on /opt/airflow/dags/orchestrator.py
[2025-06-28T05:57:43.667+0000] {processor.py:830} INFO - Processing file /opt/airflow/dags/orchestrator.py for tasks to queue
[2025-06-28T05:57:43.668+0000] {logging_mixin.py:188} INFO - [2025-06-28T05:57:43.668+0000] {dagbag.py:538} INFO - Filling up the DagBag from /opt/airflow/dags/orchestrator.py
[2025-06-28T05:57:43.678+0000] {processor.py:840} INFO - DAG(s) 'films_dag_orchestaror' retrieved from /opt/airflow/dags/orchestrator.py
[2025-06-28T05:57:43.707+0000] {logging_mixin.py:188} INFO - [2025-06-28T05:57:43.707+0000] {dag.py:3036} INFO - Sync 1 DAGs
[2025-06-28T05:57:43.727+0000] {logging_mixin.py:188} INFO - [2025-06-28T05:57:43.727+0000] {dag.py:3823} INFO - Setting next_dagrun for films_dag_orchestaror to 2025-06-28 02:37:00+00:00, run_after=2025-06-28 02:38:00+00:00
[2025-06-28T05:57:43.744+0000] {processor.py:183} INFO - Processing /opt/airflow/dags/orchestrator.py took 0.081 seconds
[2025-06-28T05:58:13.888+0000] {processor.py:161} INFO - Started process (PID=1052) to work on /opt/airflow/dags/orchestrator.py
[2025-06-28T05:58:13.889+0000] {processor.py:830} INFO - Processing file /opt/airflow/dags/orchestrator.py for tasks to queue
[2025-06-28T05:58:13.890+0000] {logging_mixin.py:188} INFO - [2025-06-28T05:58:13.889+0000] {dagbag.py:538} INFO - Filling up the DagBag from /opt/airflow/dags/orchestrator.py
[2025-06-28T05:58:13.900+0000] {processor.py:840} INFO - DAG(s) 'films_dag_orchestaror' retrieved from /opt/airflow/dags/orchestrator.py
[2025-06-28T05:58:13.926+0000] {logging_mixin.py:188} INFO - [2025-06-28T05:58:13.926+0000] {dag.py:3036} INFO - Sync 1 DAGs
[2025-06-28T05:58:13.946+0000] {logging_mixin.py:188} INFO - [2025-06-28T05:58:13.946+0000] {dag.py:3823} INFO - Setting next_dagrun for films_dag_orchestaror to 2025-06-28 02:52:00+00:00, run_after=2025-06-28 02:53:00+00:00
[2025-06-28T05:58:13.964+0000] {processor.py:183} INFO - Processing /opt/airflow/dags/orchestrator.py took 0.079 seconds
[2025-06-28T05:58:44.096+0000] {processor.py:161} INFO - Started process (PID=1122) to work on /opt/airflow/dags/orchestrator.py
[2025-06-28T05:58:44.097+0000] {processor.py:830} INFO - Processing file /opt/airflow/dags/orchestrator.py for tasks to queue
[2025-06-28T05:58:44.098+0000] {logging_mixin.py:188} INFO - [2025-06-28T05:58:44.098+0000] {dagbag.py:538} INFO - Filling up the DagBag from /opt/airflow/dags/orchestrator.py
[2025-06-28T05:58:44.109+0000] {processor.py:840} INFO - DAG(s) 'films_dag_orchestaror' retrieved from /opt/airflow/dags/orchestrator.py
[2025-06-28T05:58:44.138+0000] {logging_mixin.py:188} INFO - [2025-06-28T05:58:44.138+0000] {dag.py:3036} INFO - Sync 1 DAGs
[2025-06-28T05:58:44.159+0000] {logging_mixin.py:188} INFO - [2025-06-28T05:58:44.159+0000] {dag.py:3823} INFO - Setting next_dagrun for films_dag_orchestaror to 2025-06-28 02:55:00+00:00, run_after=2025-06-28 02:56:00+00:00
[2025-06-28T05:58:44.176+0000] {processor.py:183} INFO - Processing /opt/airflow/dags/orchestrator.py took 0.083 seconds
[2025-06-28T05:58:57.224+0000] {processor.py:161} INFO - Started process (PID=1191) to work on /opt/airflow/dags/orchestrator.py
[2025-06-28T05:58:57.225+0000] {processor.py:830} INFO - Processing file /opt/airflow/dags/orchestrator.py for tasks to queue
[2025-06-28T05:58:57.227+0000] {logging_mixin.py:188} INFO - [2025-06-28T05:58:57.226+0000] {dagbag.py:538} INFO - Filling up the DagBag from /opt/airflow/dags/orchestrator.py
[2025-06-28T05:58:57.242+0000] {processor.py:840} INFO - DAG(s) 'films_dag_orchestaror' retrieved from /opt/airflow/dags/orchestrator.py
[2025-06-28T05:58:57.292+0000] {logging_mixin.py:188} INFO - [2025-06-28T05:58:57.292+0000] {dag.py:3036} INFO - Sync 1 DAGs
[2025-06-28T05:58:57.472+0000] {processor.py:183} INFO - Processing /opt/airflow/dags/orchestrator.py took 0.253 seconds
[2025-06-28T05:59:33.700+0000] {processor.py:161} INFO - Started process (PID=160) to work on /opt/airflow/dags/orchestrator.py
[2025-06-28T05:59:33.701+0000] {processor.py:830} INFO - Processing file /opt/airflow/dags/orchestrator.py for tasks to queue
[2025-06-28T05:59:33.703+0000] {logging_mixin.py:188} INFO - [2025-06-28T05:59:33.703+0000] {dagbag.py:538} INFO - Filling up the DagBag from /opt/airflow/dags/orchestrator.py
[2025-06-28T05:59:33.720+0000] {processor.py:840} INFO - DAG(s) 'films_dag_orchestaror' retrieved from /opt/airflow/dags/orchestrator.py
[2025-06-28T05:59:33.873+0000] {logging_mixin.py:188} INFO - [2025-06-28T05:59:33.873+0000] {dag.py:3036} INFO - Sync 1 DAGs
[2025-06-28T05:59:33.919+0000] {processor.py:183} INFO - Processing /opt/airflow/dags/orchestrator.py took 0.223 seconds
