[2025-06-29T19:47:47.041+0000] {taskinstance.py:1956} INFO - Dependencies all met for dep_context=non-requeueable deps ti=<TaskInstance: films_dag_orchestaror.dbt_task scheduled__2025-06-29T19:46:00+00:00 [queued]>
[2025-06-29T19:47:47.050+0000] {taskinstance.py:1956} INFO - Dependencies all met for dep_context=requeueable deps ti=<TaskInstance: films_dag_orchestaror.dbt_task scheduled__2025-06-29T19:46:00+00:00 [queued]>
[2025-06-29T19:47:47.051+0000] {taskinstance.py:2170} INFO - Starting attempt 1 of 1
[2025-06-29T19:47:47.062+0000] {taskinstance.py:2191} INFO - Executing <Task(DockerOperator): dbt_task> on 2025-06-29 19:46:00+00:00
[2025-06-29T19:47:47.066+0000] {standard_task_runner.py:60} INFO - Started process 173 to run task
[2025-06-29T19:47:47.070+0000] {standard_task_runner.py:87} INFO - Running: ['airflow', 'tasks', 'run', 'films_dag_orchestaror', 'dbt_task', 'scheduled__2025-06-29T19:46:00+00:00', '--job-id', '76', '--raw', '--subdir', 'DAGS_FOLDER/orchestrator.py', '--cfg-path', '/tmp/tmpqjvibrd4']
[2025-06-29T19:47:47.073+0000] {standard_task_runner.py:88} INFO - Job 76: Subtask dbt_task
[2025-06-29T19:47:47.132+0000] {task_command.py:423} INFO - Running <TaskInstance: films_dag_orchestaror.dbt_task scheduled__2025-06-29T19:46:00+00:00 [running]> on host 48d7328e5244
[2025-06-29T19:47:47.225+0000] {taskinstance.py:2480} INFO - Exporting env vars: AIRFLOW_CTX_DAG_OWNER='airflow' AIRFLOW_CTX_DAG_ID='films_dag_orchestaror' AIRFLOW_CTX_TASK_ID='dbt_task' AIRFLOW_CTX_EXECUTION_DATE='2025-06-29T19:46:00+00:00' AIRFLOW_CTX_TRY_NUMBER='1' AIRFLOW_CTX_DAG_RUN_ID='scheduled__2025-06-29T19:46:00+00:00'
[2025-06-29T19:47:47.260+0000] {docker.py:359} INFO - Starting docker container from image ghcr.io/dbt-labs/dbt-postgres:1.9.latest
[2025-06-29T19:47:47.268+0000] {docker.py:367} WARNING - Using remote engine or docker-in-docker and mounting temporary volume from host is not supported. Falling back to `mount_tmp_dir=False` mode. You can set `mount_tmp_dir` parameter to False to disable mounting and remove the warning
[2025-06-29T19:47:49.789+0000] {docker.py:429} INFO - [0m19:47:49  Running with dbt=1.9.0
[2025-06-29T19:47:50.198+0000] {docker.py:429} INFO - [0m19:47:50  Registered adapter: postgres=1.9.0
[2025-06-29T19:47:50.445+0000] {docker.py:429} INFO - [0m19:47:50  [[33mWARNING[0m]: Configuration paths exist in your dbt_project.yml file which do not apply to any resources.
There are 1 unused configuration paths:
- models.my_dbt_project.example
[2025-06-29T19:47:50.639+0000] {docker.py:429} INFO - [0m19:47:50  Found 3 models, 3 sources, 431 macros
[2025-06-29T19:47:50.642+0000] {docker.py:429} INFO - [0m19:47:50
[2025-06-29T19:47:50.643+0000] {docker.py:429} INFO - [0m19:47:50  Concurrency: 4 threads (target='dev')
[2025-06-29T19:47:50.644+0000] {docker.py:429} INFO - [0m19:47:50
[2025-06-29T19:47:50.801+0000] {docker.py:429} INFO - [0m19:47:50  1 of 3 START sql table model dev.film_rating ................................... [RUN]
[2025-06-29T19:47:50.802+0000] {docker.py:429} INFO - [0m19:47:50  2 of 3 START sql table model dev.staging ....................................... [RUN]
[2025-06-29T19:47:51.029+0000] {docker.py:429} INFO - [0m19:47:51  1 of 3 OK created sql table model dev.film_rating .............................. [[32mSELECT 740[0m in 0.22s]
[2025-06-29T19:47:51.033+0000] {docker.py:429} INFO - [0m19:47:51  2 of 3 OK created sql table model dev.staging .................................. [[32mSELECT 740[0m in 0.23s]
[2025-06-29T19:47:51.036+0000] {docker.py:429} INFO - [0m19:47:51  3 of 3 START sql table model dev.film_actors ................................... [RUN]
[2025-06-29T19:47:52.083+0000] {docker.py:429} INFO - [0m19:47:52  3 of 3 OK created sql table model dev.film_actors .............................. [[32mSELECT 1013060[0m in 1.04s]
[2025-06-29T19:47:52.101+0000] {docker.py:429} INFO - [0m19:47:52
[2025-06-29T19:47:52.102+0000] {docker.py:429} INFO - [0m19:47:52  Finished running 3 table models in 0 hours 0 minutes and 1.46 seconds (1.46s).
[2025-06-29T19:47:52.151+0000] {docker.py:429} INFO - [0m19:47:52
[2025-06-29T19:47:52.152+0000] {docker.py:429} INFO - [0m19:47:52  [32mCompleted successfully[0m
[2025-06-29T19:47:52.153+0000] {docker.py:429} INFO - [0m19:47:52
[2025-06-29T19:47:52.153+0000] {docker.py:429} INFO - [0m19:47:52  Done. PASS=3 WARN=0 ERROR=0 SKIP=0 TOTAL=3
[2025-06-29T19:47:54.207+0000] {taskinstance.py:1138} INFO - Marking task as SUCCESS. dag_id=films_dag_orchestaror, task_id=dbt_task, execution_date=20250629T194600, start_date=20250629T194747, end_date=20250629T194754
[2025-06-29T19:47:54.247+0000] {local_task_job_runner.py:234} INFO - Task exited with return code 0
[2025-06-29T19:47:54.268+0000] {taskinstance.py:3280} INFO - 0 downstream tasks scheduled from follow-on schedule check
