[2025-06-29T20:00:01.646+0000] {taskinstance.py:1956} INFO - Dependencies all met for dep_context=non-requeueable deps ti=<TaskInstance: films_dag_orchestaror.dbt_task scheduled__2025-06-29T19:59:00+00:00 [queued]>
[2025-06-29T20:00:01.654+0000] {taskinstance.py:1956} INFO - Dependencies all met for dep_context=requeueable deps ti=<TaskInstance: films_dag_orchestaror.dbt_task scheduled__2025-06-29T19:59:00+00:00 [queued]>
[2025-06-29T20:00:01.655+0000] {taskinstance.py:2170} INFO - Starting attempt 1 of 1
[2025-06-29T20:00:01.666+0000] {taskinstance.py:2191} INFO - Executing <Task(DockerOperator): dbt_task> on 2025-06-29 19:59:00+00:00
[2025-06-29T20:00:01.670+0000] {standard_task_runner.py:60} INFO - Started process 203 to run task
[2025-06-29T20:00:01.673+0000] {standard_task_runner.py:87} INFO - Running: ['airflow', 'tasks', 'run', 'films_dag_orchestaror', 'dbt_task', 'scheduled__2025-06-29T19:59:00+00:00', '--job-id', '103', '--raw', '--subdir', 'DAGS_FOLDER/orchestrator.py', '--cfg-path', '/tmp/tmpp6i0ctz2']
[2025-06-29T20:00:01.675+0000] {standard_task_runner.py:88} INFO - Job 103: Subtask dbt_task
[2025-06-29T20:00:01.727+0000] {task_command.py:423} INFO - Running <TaskInstance: films_dag_orchestaror.dbt_task scheduled__2025-06-29T19:59:00+00:00 [running]> on host 6dc6e09fdeaa
[2025-06-29T20:00:01.814+0000] {taskinstance.py:2480} INFO - Exporting env vars: AIRFLOW_CTX_DAG_OWNER='airflow' AIRFLOW_CTX_DAG_ID='films_dag_orchestaror' AIRFLOW_CTX_TASK_ID='dbt_task' AIRFLOW_CTX_EXECUTION_DATE='2025-06-29T19:59:00+00:00' AIRFLOW_CTX_TRY_NUMBER='1' AIRFLOW_CTX_DAG_RUN_ID='scheduled__2025-06-29T19:59:00+00:00'
[2025-06-29T20:00:01.846+0000] {docker.py:359} INFO - Starting docker container from image ghcr.io/dbt-labs/dbt-postgres:1.9.latest
[2025-06-29T20:00:01.854+0000] {docker.py:367} WARNING - Using remote engine or docker-in-docker and mounting temporary volume from host is not supported. Falling back to `mount_tmp_dir=False` mode. You can set `mount_tmp_dir` parameter to False to disable mounting and remove the warning
[2025-06-29T20:00:03.846+0000] {docker.py:429} INFO - [0m20:00:03  Running with dbt=1.9.0
[2025-06-29T20:00:04.138+0000] {docker.py:429} INFO - [0m20:00:04  Registered adapter: postgres=1.9.0
[2025-06-29T20:00:04.336+0000] {docker.py:429} INFO - [0m20:00:04  [[33mWARNING[0m]: Configuration paths exist in your dbt_project.yml file which do not apply to any resources.
There are 1 unused configuration paths:
- models.my_dbt_project.example
[2025-06-29T20:00:04.507+0000] {docker.py:429} INFO - [0m20:00:04  Found 3 models, 3 sources, 431 macros
[2025-06-29T20:00:04.513+0000] {docker.py:429} INFO - [0m20:00:04
[2025-06-29T20:00:04.515+0000] {docker.py:429} INFO - [0m20:00:04  Concurrency: 4 threads (target='dev')
[2025-06-29T20:00:04.516+0000] {docker.py:429} INFO - [0m20:00:04
[2025-06-29T20:00:04.629+0000] {docker.py:429} INFO - [0m20:00:04  1 of 3 START sql table model dev.film_rating ................................... [RUN]
[2025-06-29T20:00:04.630+0000] {docker.py:429} INFO - [0m20:00:04  2 of 3 START sql table model dev.staging ....................................... [RUN]
[2025-06-29T20:00:04.800+0000] {docker.py:429} INFO - [0m20:00:04  2 of 3 OK created sql table model dev.staging .................................. [[32mSELECT 1000[0m in 0.16s]
[2025-06-29T20:00:04.802+0000] {docker.py:429} INFO - [0m20:00:04  1 of 3 OK created sql table model dev.film_rating .............................. [[32mSELECT 1000[0m in 0.17s]
[2025-06-29T20:00:04.805+0000] {docker.py:429} INFO - [0m20:00:04  3 of 3 START sql table model dev.film_actors ................................... [RUN]
[2025-06-29T20:00:07.034+0000] {docker.py:429} INFO - [0m20:00:07  3 of 3 OK created sql table model dev.film_actors .............................. [[32mSELECT 2500000[0m in 2.23s]
[2025-06-29T20:00:07.051+0000] {docker.py:429} INFO - [0m20:00:07
[2025-06-29T20:00:07.052+0000] {docker.py:429} INFO - [0m20:00:07  Finished running 3 table models in 0 hours 0 minutes and 2.53 seconds (2.53s).
[2025-06-29T20:00:07.097+0000] {docker.py:429} INFO - [0m20:00:07
[2025-06-29T20:00:07.098+0000] {docker.py:429} INFO - [0m20:00:07  [32mCompleted successfully[0m
[2025-06-29T20:00:07.099+0000] {docker.py:429} INFO - [0m20:00:07
[2025-06-29T20:00:07.099+0000] {docker.py:429} INFO - [0m20:00:07  Done. PASS=3 WARN=0 ERROR=0 SKIP=0 TOTAL=3
[2025-06-29T20:00:09.257+0000] {taskinstance.py:1138} INFO - Marking task as SUCCESS. dag_id=films_dag_orchestaror, task_id=dbt_task, execution_date=20250629T195900, start_date=20250629T200001, end_date=20250629T200009
[2025-06-29T20:00:09.297+0000] {local_task_job_runner.py:234} INFO - Task exited with return code 0
[2025-06-29T20:00:09.320+0000] {taskinstance.py:3280} INFO - 0 downstream tasks scheduled from follow-on schedule check
