[2025-06-29T17:45:28.277+0000] {taskinstance.py:1956} INFO - Dependencies all met for dep_context=non-requeueable deps ti=<TaskInstance: films_dag_orchestaror.dbt_task manual__2025-06-29T17:45:25.332734+00:00 [queued]>
[2025-06-29T17:45:28.285+0000] {taskinstance.py:1956} INFO - Dependencies all met for dep_context=requeueable deps ti=<TaskInstance: films_dag_orchestaror.dbt_task manual__2025-06-29T17:45:25.332734+00:00 [queued]>
[2025-06-29T17:45:28.286+0000] {taskinstance.py:2170} INFO - Starting attempt 1 of 1
[2025-06-29T17:45:28.299+0000] {taskinstance.py:2191} INFO - Executing <Task(DockerOperator): dbt_task> on 2025-06-29 17:45:25.332734+00:00
[2025-06-29T17:45:28.303+0000] {standard_task_runner.py:60} INFO - Started process 190 to run task
[2025-06-29T17:45:28.307+0000] {standard_task_runner.py:87} INFO - Running: ['airflow', 'tasks', 'run', 'films_dag_orchestaror', 'dbt_task', 'manual__2025-06-29T17:45:25.332734+00:00', '--job-id', '4', '--raw', '--subdir', 'DAGS_FOLDER/orchestrator.py', '--cfg-path', '/tmp/tmpxv8k0vbn']
[2025-06-29T17:45:28.310+0000] {standard_task_runner.py:88} INFO - Job 4: Subtask dbt_task
[2025-06-29T17:45:28.374+0000] {task_command.py:423} INFO - Running <TaskInstance: films_dag_orchestaror.dbt_task manual__2025-06-29T17:45:25.332734+00:00 [running]> on host 9909ba106c7b
[2025-06-29T17:45:28.457+0000] {taskinstance.py:2480} INFO - Exporting env vars: AIRFLOW_CTX_DAG_OWNER='airflow' AIRFLOW_CTX_DAG_ID='films_dag_orchestaror' AIRFLOW_CTX_TASK_ID='dbt_task' AIRFLOW_CTX_EXECUTION_DATE='2025-06-29T17:45:25.332734+00:00' AIRFLOW_CTX_TRY_NUMBER='1' AIRFLOW_CTX_DAG_RUN_ID='manual__2025-06-29T17:45:25.332734+00:00'
[2025-06-29T17:45:28.475+0000] {docker.py:486} INFO - Pulling docker image ghcr.io/dbt-labs/dbt-postgres:1.9.latest
[2025-06-29T17:45:30.111+0000] {docker.py:500} INFO - 1.9.latest: Pulling from dbt-labs/dbt-postgres
[2025-06-29T17:45:31.372+0000] {docker.py:500} INFO - 752715e5dadf: Pulling fs layer
[2025-06-29T17:45:31.373+0000] {docker.py:500} INFO - 8d3558e77e43: Pulling fs layer
[2025-06-29T17:45:31.373+0000] {docker.py:500} INFO - cfbc1b5c07ba: Pulling fs layer
[2025-06-29T17:45:31.373+0000] {docker.py:500} INFO - c8ed82ea4ded: Pulling fs layer
[2025-06-29T17:45:31.374+0000] {docker.py:500} INFO - d2870f791e42: Pulling fs layer
[2025-06-29T17:45:31.374+0000] {docker.py:500} INFO - 5de87e84afee: Pulling fs layer
[2025-06-29T17:45:31.374+0000] {docker.py:500} INFO - ff6fd1a4e7c8: Pulling fs layer
[2025-06-29T17:45:31.374+0000] {docker.py:500} INFO - 6242c8ff2ef3: Pulling fs layer
[2025-06-29T17:45:31.375+0000] {docker.py:500} INFO - 1de84acd5556: Pulling fs layer
[2025-06-29T17:45:31.883+0000] {docker.py:500} INFO - cfbc1b5c07ba: Downloading
[2025-06-29T17:45:31.983+0000] {docker.py:500} INFO - ff6fd1a4e7c8: Downloading
[2025-06-29T17:45:31.983+0000] {docker.py:500} INFO - c8ed82ea4ded: Downloading
[2025-06-29T17:45:31.983+0000] {docker.py:500} INFO - d2870f791e42: Downloading
[2025-06-29T17:45:32.283+0000] {docker.py:500} INFO - 5de87e84afee: Downloading
[2025-06-29T17:45:32.383+0000] {docker.py:500} INFO - 752715e5dadf: Downloading
[2025-06-29T17:45:32.784+0000] {docker.py:500} INFO - 6242c8ff2ef3: Downloading
[2025-06-29T17:45:32.983+0000] {docker.py:500} INFO - 8d3558e77e43: Downloading
[2025-06-29T17:45:33.083+0000] {docker.py:500} INFO - 1de84acd5556: Downloading
[2025-06-29T17:45:35.784+0000] {docker.py:500} INFO - d2870f791e42: Download complete
[2025-06-29T17:45:36.183+0000] {docker.py:500} INFO - c8ed82ea4ded: Download complete
[2025-06-29T17:45:36.183+0000] {docker.py:500} INFO - cfbc1b5c07ba: Download complete
[2025-06-29T17:45:36.984+0000] {docker.py:500} INFO - 1de84acd5556: Download complete
[2025-06-29T17:45:38.283+0000] {docker.py:500} INFO - 752715e5dadf: Download complete
[2025-06-29T17:45:38.884+0000] {docker.py:500} INFO - 5de87e84afee: Download complete
[2025-06-29T17:45:38.887+0000] {docker.py:500} INFO - 5de87e84afee: Extracting
[2025-06-29T17:45:40.685+0000] {docker.py:500} INFO - 6242c8ff2ef3: Download complete
[2025-06-29T17:45:40.685+0000] {docker.py:500} INFO - ff6fd1a4e7c8: Download complete
[2025-06-29T17:45:41.586+0000] {docker.py:500} INFO - 1de84acd5556: Extracting
[2025-06-29T17:45:41.588+0000] {docker.py:500} INFO - 5de87e84afee: Pull complete
[2025-06-29T17:45:42.483+0000] {docker.py:500} INFO - 8d3558e77e43: Download complete
[2025-06-29T17:45:42.486+0000] {docker.py:500} INFO - 1de84acd5556: Pull complete
[2025-06-29T17:45:42.586+0000] {docker.py:500} INFO - 752715e5dadf: Extracting
[2025-06-29T17:45:42.785+0000] {docker.py:500} INFO - c8ed82ea4ded: Extracting
[2025-06-29T17:45:42.786+0000] {docker.py:500} INFO - 752715e5dadf: Pull complete
[2025-06-29T17:45:42.887+0000] {docker.py:500} INFO - c8ed82ea4ded: Pull complete
[2025-06-29T17:45:42.889+0000] {docker.py:500} INFO - cfbc1b5c07ba: Extracting
[2025-06-29T17:45:43.087+0000] {docker.py:500} INFO - cfbc1b5c07ba: Pull complete
[2025-06-29T17:45:43.090+0000] {docker.py:500} INFO - ff6fd1a4e7c8: Extracting
[2025-06-29T17:45:46.087+0000] {docker.py:500} INFO - 6242c8ff2ef3: Extracting
[2025-06-29T17:45:46.088+0000] {docker.py:500} INFO - ff6fd1a4e7c8: Pull complete
[2025-06-29T17:45:46.284+0000] {docker.py:500} INFO - 6242c8ff2ef3: Pull complete
[2025-06-29T17:45:46.385+0000] {docker.py:500} INFO - d2870f791e42: Pull complete
[2025-06-29T17:45:46.387+0000] {docker.py:500} INFO - 8d3558e77e43: Extracting
[2025-06-29T17:45:47.460+0000] {docker.py:500} INFO - 8d3558e77e43: Pull complete
[2025-06-29T17:45:47.461+0000] {docker.py:495} INFO - Digest: sha256:37624cce09877ff03fd5f6b01355fdf5a3462a1b651d40d8b8edc1cf056eedf0
[2025-06-29T17:45:47.462+0000] {docker.py:495} INFO - Status: Downloaded newer image for ghcr.io/dbt-labs/dbt-postgres:1.9.latest
[2025-06-29T17:45:47.464+0000] {docker.py:359} INFO - Starting docker container from image ghcr.io/dbt-labs/dbt-postgres:1.9.latest
[2025-06-29T17:45:47.474+0000] {docker.py:367} WARNING - Using remote engine or docker-in-docker and mounting temporary volume from host is not supported. Falling back to `mount_tmp_dir=False` mode. You can set `mount_tmp_dir` parameter to False to disable mounting and remove the warning
[2025-06-29T17:45:50.082+0000] {docker.py:429} INFO - [0m17:45:50  Running with dbt=1.9.0
[2025-06-29T17:45:50.387+0000] {docker.py:429} INFO - [0m17:45:50  Registered adapter: postgres=1.9.0
[2025-06-29T17:45:50.593+0000] {docker.py:429} INFO - [0m17:45:50  [[33mWARNING[0m]: Configuration paths exist in your dbt_project.yml file which do not apply to any resources.
There are 1 unused configuration paths:
- models.my_dbt_project.example
[2025-06-29T17:45:50.761+0000] {docker.py:429} INFO - [0m17:45:50  Found 3 models, 3 sources, 431 macros
[2025-06-29T17:45:50.764+0000] {docker.py:429} INFO - [0m17:45:50
[2025-06-29T17:45:50.765+0000] {docker.py:429} INFO - [0m17:45:50  Concurrency: 4 threads (target='dev')
[2025-06-29T17:45:50.765+0000] {docker.py:429} INFO - [0m17:45:50
[2025-06-29T17:45:50.906+0000] {docker.py:429} INFO - [0m17:45:50  1 of 3 START sql table model dev.film_rating ................................... [RUN]
[2025-06-29T17:45:50.907+0000] {docker.py:429} INFO - [0m17:45:50  2 of 3 START sql table model dev.staging ....................................... [RUN]
[2025-06-29T17:45:51.083+0000] {docker.py:429} INFO - [0m17:45:51  2 of 3 OK created sql table model dev.staging .................................. [[32mSELECT 40[0m in 0.17s]
[2025-06-29T17:45:51.084+0000] {docker.py:429} INFO - [0m17:45:51  1 of 3 OK created sql table model dev.film_rating .............................. [[32mSELECT 40[0m in 0.17s]
[2025-06-29T17:45:51.089+0000] {docker.py:429} INFO - [0m17:45:51  3 of 3 START sql table model dev.film_actors ................................... [RUN]
[2025-06-29T17:45:51.134+0000] {docker.py:429} INFO - [0m17:45:51  3 of 3 OK created sql table model dev.film_actors .............................. [[32mSELECT 160[0m in 0.04s]
[2025-06-29T17:45:51.153+0000] {docker.py:429} INFO - [0m17:45:51
[2025-06-29T17:45:51.153+0000] {docker.py:429} INFO - [0m17:45:51  Finished running 3 table models in 0 hours 0 minutes and 0.39 seconds (0.39s).
[2025-06-29T17:45:51.200+0000] {docker.py:429} INFO - [0m17:45:51
[2025-06-29T17:45:51.201+0000] {docker.py:429} INFO - [0m17:45:51  [32mCompleted successfully[0m
[2025-06-29T17:45:51.201+0000] {docker.py:429} INFO - [0m17:45:51
[2025-06-29T17:45:51.202+0000] {docker.py:429} INFO - [0m17:45:51  Done. PASS=3 WARN=0 ERROR=0 SKIP=0 TOTAL=3
[2025-06-29T17:45:52.349+0000] {taskinstance.py:1138} INFO - Marking task as SUCCESS. dag_id=films_dag_orchestaror, task_id=dbt_task, execution_date=20250629T174525, start_date=20250629T174528, end_date=20250629T174552
[2025-06-29T17:45:52.396+0000] {local_task_job_runner.py:234} INFO - Task exited with return code 0
[2025-06-29T17:45:52.423+0000] {taskinstance.py:3280} INFO - 0 downstream tasks scheduled from follow-on schedule check
