[2025-06-29T20:03:02.175+0000] {taskinstance.py:1956} INFO - Dependencies all met for dep_context=non-requeueable deps ti=<TaskInstance: films_dag_orchestaror.dbt_task scheduled__2025-06-29T20:02:00+00:00 [queued]>
[2025-06-29T20:03:02.183+0000] {taskinstance.py:1956} INFO - Dependencies all met for dep_context=requeueable deps ti=<TaskInstance: films_dag_orchestaror.dbt_task scheduled__2025-06-29T20:02:00+00:00 [queued]>
[2025-06-29T20:03:02.183+0000] {taskinstance.py:2170} INFO - Starting attempt 1 of 1
[2025-06-29T20:03:02.194+0000] {taskinstance.py:2191} INFO - Executing <Task(DockerOperator): dbt_task> on 2025-06-29 20:02:00+00:00
[2025-06-29T20:03:02.198+0000] {standard_task_runner.py:60} INFO - Started process 257 to run task
[2025-06-29T20:03:02.201+0000] {standard_task_runner.py:87} INFO - Running: ['airflow', 'tasks', 'run', 'films_dag_orchestaror', 'dbt_task', 'scheduled__2025-06-29T20:02:00+00:00', '--job-id', '109', '--raw', '--subdir', 'DAGS_FOLDER/orchestrator.py', '--cfg-path', '/tmp/tmpe5o9fbp4']
[2025-06-29T20:03:02.203+0000] {standard_task_runner.py:88} INFO - Job 109: Subtask dbt_task
[2025-06-29T20:03:02.255+0000] {task_command.py:423} INFO - Running <TaskInstance: films_dag_orchestaror.dbt_task scheduled__2025-06-29T20:02:00+00:00 [running]> on host 6dc6e09fdeaa
[2025-06-29T20:03:02.346+0000] {taskinstance.py:2480} INFO - Exporting env vars: AIRFLOW_CTX_DAG_OWNER='airflow' AIRFLOW_CTX_DAG_ID='films_dag_orchestaror' AIRFLOW_CTX_TASK_ID='dbt_task' AIRFLOW_CTX_EXECUTION_DATE='2025-06-29T20:02:00+00:00' AIRFLOW_CTX_TRY_NUMBER='1' AIRFLOW_CTX_DAG_RUN_ID='scheduled__2025-06-29T20:02:00+00:00'
[2025-06-29T20:03:02.380+0000] {docker.py:359} INFO - Starting docker container from image ghcr.io/dbt-labs/dbt-postgres:1.9.latest
[2025-06-29T20:03:02.389+0000] {docker.py:367} WARNING - Using remote engine or docker-in-docker and mounting temporary volume from host is not supported. Falling back to `mount_tmp_dir=False` mode. You can set `mount_tmp_dir` parameter to False to disable mounting and remove the warning
[2025-06-29T20:03:04.509+0000] {docker.py:429} INFO - [0m20:03:04  Running with dbt=1.9.0
[2025-06-29T20:03:04.804+0000] {docker.py:429} INFO - [0m20:03:04  Registered adapter: postgres=1.9.0
[2025-06-29T20:03:05.002+0000] {docker.py:429} INFO - [0m20:03:05  [[33mWARNING[0m]: Configuration paths exist in your dbt_project.yml file which do not apply to any resources.
There are 1 unused configuration paths:
- models.my_dbt_project.example
[2025-06-29T20:03:05.169+0000] {docker.py:429} INFO - [0m20:03:05  Found 3 models, 3 sources, 431 macros
[2025-06-29T20:03:05.172+0000] {docker.py:429} INFO - [0m20:03:05
[2025-06-29T20:03:05.173+0000] {docker.py:429} INFO - [0m20:03:05  Concurrency: 4 threads (target='dev')
[2025-06-29T20:03:05.173+0000] {docker.py:429} INFO - [0m20:03:05
[2025-06-29T20:03:05.287+0000] {docker.py:429} INFO - [0m20:03:05  1 of 3 START sql table model dev.film_rating ................................... [RUN]
[2025-06-29T20:03:05.288+0000] {docker.py:429} INFO - [0m20:03:05  2 of 3 START sql table model dev.staging ....................................... [RUN]
[2025-06-29T20:03:05.466+0000] {docker.py:429} INFO - [0m20:03:05  2 of 3 OK created sql table model dev.staging .................................. [[32mSELECT 1060[0m in 0.17s]
[2025-06-29T20:03:05.469+0000] {docker.py:429} INFO - [0m20:03:05  1 of 3 OK created sql table model dev.film_rating .............................. [[32mSELECT 1060[0m in 0.18s]
[2025-06-29T20:03:05.473+0000] {docker.py:429} INFO - [0m20:03:05  3 of 3 START sql table model dev.film_actors ................................... [RUN]
[2025-06-29T20:03:08.450+0000] {docker.py:429} INFO - [0m20:03:08  3 of 3 OK created sql table model dev.film_actors .............................. [[32mSELECT 2977540[0m in 2.98s]
[2025-06-29T20:03:08.468+0000] {docker.py:429} INFO - [0m20:03:08
[2025-06-29T20:03:08.469+0000] {docker.py:429} INFO - [0m20:03:08  Finished running 3 table models in 0 hours 0 minutes and 3.29 seconds (3.29s).
[2025-06-29T20:03:08.511+0000] {docker.py:429} INFO - [0m20:03:08
[2025-06-29T20:03:08.513+0000] {docker.py:429} INFO - [0m20:03:08  [32mCompleted successfully[0m
[2025-06-29T20:03:08.513+0000] {docker.py:429} INFO - [0m20:03:08
[2025-06-29T20:03:08.514+0000] {docker.py:429} INFO - [0m20:03:08  Done. PASS=3 WARN=0 ERROR=0 SKIP=0 TOTAL=3
[2025-06-29T20:03:10.794+0000] {taskinstance.py:1138} INFO - Marking task as SUCCESS. dag_id=films_dag_orchestaror, task_id=dbt_task, execution_date=20250629T200200, start_date=20250629T200302, end_date=20250629T200310
[2025-06-29T20:03:10.832+0000] {local_task_job_runner.py:234} INFO - Task exited with return code 0
[2025-06-29T20:03:10.855+0000] {taskinstance.py:3280} INFO - 0 downstream tasks scheduled from follow-on schedule check
