[2025-06-29T19:55:02.622+0000] {taskinstance.py:1956} INFO - Dependencies all met for dep_context=non-requeueable deps ti=<TaskInstance: films_dag_orchestaror.dbt_task scheduled__2025-06-29T19:54:00+00:00 [queued]>
[2025-06-29T19:55:02.631+0000] {taskinstance.py:1956} INFO - Dependencies all met for dep_context=requeueable deps ti=<TaskInstance: films_dag_orchestaror.dbt_task scheduled__2025-06-29T19:54:00+00:00 [queued]>
[2025-06-29T19:55:02.631+0000] {taskinstance.py:2170} INFO - Starting attempt 1 of 1
[2025-06-29T19:55:02.644+0000] {taskinstance.py:2191} INFO - Executing <Task(DockerOperator): dbt_task> on 2025-06-29 19:54:00+00:00
[2025-06-29T19:55:02.648+0000] {standard_task_runner.py:60} INFO - Started process 307 to run task
[2025-06-29T19:55:02.651+0000] {standard_task_runner.py:87} INFO - Running: ['airflow', 'tasks', 'run', 'films_dag_orchestaror', 'dbt_task', 'scheduled__2025-06-29T19:54:00+00:00', '--job-id', '92', '--raw', '--subdir', 'DAGS_FOLDER/orchestrator.py', '--cfg-path', '/tmp/tmp08zgtlm3']
[2025-06-29T19:55:02.653+0000] {standard_task_runner.py:88} INFO - Job 92: Subtask dbt_task
[2025-06-29T19:55:02.708+0000] {task_command.py:423} INFO - Running <TaskInstance: films_dag_orchestaror.dbt_task scheduled__2025-06-29T19:54:00+00:00 [running]> on host 48d7328e5244
[2025-06-29T19:55:02.799+0000] {taskinstance.py:2480} INFO - Exporting env vars: AIRFLOW_CTX_DAG_OWNER='airflow' AIRFLOW_CTX_DAG_ID='films_dag_orchestaror' AIRFLOW_CTX_TASK_ID='dbt_task' AIRFLOW_CTX_EXECUTION_DATE='2025-06-29T19:54:00+00:00' AIRFLOW_CTX_TRY_NUMBER='1' AIRFLOW_CTX_DAG_RUN_ID='scheduled__2025-06-29T19:54:00+00:00'
[2025-06-29T19:55:02.834+0000] {docker.py:359} INFO - Starting docker container from image ghcr.io/dbt-labs/dbt-postgres:1.9.latest
[2025-06-29T19:55:02.842+0000] {docker.py:367} WARNING - Using remote engine or docker-in-docker and mounting temporary volume from host is not supported. Falling back to `mount_tmp_dir=False` mode. You can set `mount_tmp_dir` parameter to False to disable mounting and remove the warning
[2025-06-29T19:55:04.973+0000] {docker.py:429} INFO - [0m19:55:04  Running with dbt=1.9.0
[2025-06-29T19:55:05.362+0000] {docker.py:429} INFO - [0m19:55:05  Registered adapter: postgres=1.9.0
[2025-06-29T19:55:05.641+0000] {docker.py:429} INFO - [0m19:55:05  [[33mWARNING[0m]: Configuration paths exist in your dbt_project.yml file which do not apply to any resources.
There are 1 unused configuration paths:
- models.my_dbt_project.example
[2025-06-29T19:55:05.853+0000] {docker.py:429} INFO - [0m19:55:05  Found 3 models, 3 sources, 431 macros
[2025-06-29T19:55:05.859+0000] {docker.py:429} INFO - [0m19:55:05
[2025-06-29T19:55:05.861+0000] {docker.py:429} INFO - [0m19:55:05  Concurrency: 4 threads (target='dev')
[2025-06-29T19:55:05.865+0000] {docker.py:429} INFO - [0m19:55:05
[2025-06-29T19:55:06.005+0000] {docker.py:429} INFO - [0m19:55:06  1 of 3 START sql table model dev.film_rating ................................... [RUN]
[2025-06-29T19:55:06.006+0000] {docker.py:429} INFO - [0m19:55:06  2 of 3 START sql table model dev.staging ....................................... [RUN]
[2025-06-29T19:55:06.191+0000] {docker.py:429} INFO - [0m19:55:06  2 of 3 OK created sql table model dev.staging .................................. [[32mSELECT 900[0m in 0.18s]
[2025-06-29T19:55:06.192+0000] {docker.py:429} INFO - [0m19:55:06  1 of 3 OK created sql table model dev.film_rating .............................. [[32mSELECT 900[0m in 0.18s]
[2025-06-29T19:55:06.198+0000] {docker.py:429} INFO - [0m19:55:06  3 of 3 START sql table model dev.film_actors ................................... [RUN]
[2025-06-29T19:55:07.930+0000] {docker.py:429} INFO - [0m19:55:07  3 of 3 OK created sql table model dev.film_actors .............................. [[32mSELECT 1822500[0m in 1.73s]
[2025-06-29T19:55:07.948+0000] {docker.py:429} INFO - [0m19:55:07
[2025-06-29T19:55:07.948+0000] {docker.py:429} INFO - [0m19:55:07  Finished running 3 table models in 0 hours 0 minutes and 2.08 seconds (2.08s).
[2025-06-29T19:55:08.009+0000] {docker.py:429} INFO - [0m19:55:08
[2025-06-29T19:55:08.011+0000] {docker.py:429} INFO - [0m19:55:08  [32mCompleted successfully[0m
[2025-06-29T19:55:08.012+0000] {docker.py:429} INFO - [0m19:55:08
[2025-06-29T19:55:08.013+0000] {docker.py:429} INFO - [0m19:55:08  Done. PASS=3 WARN=0 ERROR=0 SKIP=0 TOTAL=3
[2025-06-29T19:55:10.177+0000] {taskinstance.py:1138} INFO - Marking task as SUCCESS. dag_id=films_dag_orchestaror, task_id=dbt_task, execution_date=20250629T195400, start_date=20250629T195502, end_date=20250629T195510
[2025-06-29T19:55:10.231+0000] {local_task_job_runner.py:234} INFO - Task exited with return code 0
[2025-06-29T19:55:10.248+0000] {taskinstance.py:3280} INFO - 0 downstream tasks scheduled from follow-on schedule check
