[2025-06-29T19:51:01.769+0000] {taskinstance.py:1956} INFO - Dependencies all met for dep_context=non-requeueable deps ti=<TaskInstance: films_dag_orchestaror.dbt_task scheduled__2025-06-29T19:50:00+00:00 [queued]>
[2025-06-29T19:51:01.778+0000] {taskinstance.py:1956} INFO - Dependencies all met for dep_context=requeueable deps ti=<TaskInstance: films_dag_orchestaror.dbt_task scheduled__2025-06-29T19:50:00+00:00 [queued]>
[2025-06-29T19:51:01.778+0000] {taskinstance.py:2170} INFO - Starting attempt 1 of 1
[2025-06-29T19:51:01.789+0000] {taskinstance.py:2191} INFO - Executing <Task(DockerOperator): dbt_task> on 2025-06-29 19:50:00+00:00
[2025-06-29T19:51:01.792+0000] {standard_task_runner.py:60} INFO - Started process 235 to run task
[2025-06-29T19:51:01.795+0000] {standard_task_runner.py:87} INFO - Running: ['airflow', 'tasks', 'run', 'films_dag_orchestaror', 'dbt_task', 'scheduled__2025-06-29T19:50:00+00:00', '--job-id', '84', '--raw', '--subdir', 'DAGS_FOLDER/orchestrator.py', '--cfg-path', '/tmp/tmpr_xeev9z']
[2025-06-29T19:51:01.797+0000] {standard_task_runner.py:88} INFO - Job 84: Subtask dbt_task
[2025-06-29T19:51:01.849+0000] {task_command.py:423} INFO - Running <TaskInstance: films_dag_orchestaror.dbt_task scheduled__2025-06-29T19:50:00+00:00 [running]> on host 48d7328e5244
[2025-06-29T19:51:01.936+0000] {taskinstance.py:2480} INFO - Exporting env vars: AIRFLOW_CTX_DAG_OWNER='airflow' AIRFLOW_CTX_DAG_ID='films_dag_orchestaror' AIRFLOW_CTX_TASK_ID='dbt_task' AIRFLOW_CTX_EXECUTION_DATE='2025-06-29T19:50:00+00:00' AIRFLOW_CTX_TRY_NUMBER='1' AIRFLOW_CTX_DAG_RUN_ID='scheduled__2025-06-29T19:50:00+00:00'
[2025-06-29T19:51:01.967+0000] {docker.py:359} INFO - Starting docker container from image ghcr.io/dbt-labs/dbt-postgres:1.9.latest
[2025-06-29T19:51:01.975+0000] {docker.py:367} WARNING - Using remote engine or docker-in-docker and mounting temporary volume from host is not supported. Falling back to `mount_tmp_dir=False` mode. You can set `mount_tmp_dir` parameter to False to disable mounting and remove the warning
[2025-06-29T19:51:03.881+0000] {docker.py:429} INFO - [0m19:51:03  Running with dbt=1.9.0
[2025-06-29T19:51:04.190+0000] {docker.py:429} INFO - [0m19:51:04  Registered adapter: postgres=1.9.0
[2025-06-29T19:51:04.398+0000] {docker.py:429} INFO - [0m19:51:04  [[33mWARNING[0m]: Configuration paths exist in your dbt_project.yml file which do not apply to any resources.
There are 1 unused configuration paths:
- models.my_dbt_project.example
[2025-06-29T19:51:04.562+0000] {docker.py:429} INFO - [0m19:51:04  Found 3 models, 3 sources, 431 macros
[2025-06-29T19:51:04.565+0000] {docker.py:429} INFO - [0m19:51:04
[2025-06-29T19:51:04.566+0000] {docker.py:429} INFO - [0m19:51:04  Concurrency: 4 threads (target='dev')
[2025-06-29T19:51:04.567+0000] {docker.py:429} INFO - [0m19:51:04
[2025-06-29T19:51:04.687+0000] {docker.py:429} INFO - [0m19:51:04  1 of 3 START sql table model dev.film_rating ................................... [RUN]
[2025-06-29T19:51:04.688+0000] {docker.py:429} INFO - [0m19:51:04  2 of 3 START sql table model dev.staging ....................................... [RUN]
[2025-06-29T19:51:04.859+0000] {docker.py:429} INFO - [0m19:51:04  2 of 3 OK created sql table model dev.staging .................................. [[32mSELECT 820[0m in 0.16s]
[2025-06-29T19:51:04.860+0000] {docker.py:429} INFO - [0m19:51:04  1 of 3 OK created sql table model dev.film_rating .............................. [[32mSELECT 820[0m in 0.17s]
[2025-06-29T19:51:04.864+0000] {docker.py:429} INFO - [0m19:51:04  3 of 3 START sql table model dev.film_actors ................................... [RUN]
[2025-06-29T19:51:06.702+0000] {docker.py:429} INFO - [0m19:51:06  3 of 3 OK created sql table model dev.film_actors .............................. [[32mSELECT 1378420[0m in 1.84s]
[2025-06-29T19:51:06.719+0000] {docker.py:429} INFO - [0m19:51:06
[2025-06-29T19:51:06.720+0000] {docker.py:429} INFO - [0m19:51:06  Finished running 3 table models in 0 hours 0 minutes and 2.15 seconds (2.15s).
[2025-06-29T19:51:06.768+0000] {docker.py:429} INFO - [0m19:51:06
[2025-06-29T19:51:06.768+0000] {docker.py:429} INFO - [0m19:51:06  [32mCompleted successfully[0m
[2025-06-29T19:51:06.769+0000] {docker.py:429} INFO - [0m19:51:06
[2025-06-29T19:51:06.770+0000] {docker.py:429} INFO - [0m19:51:06  Done. PASS=3 WARN=0 ERROR=0 SKIP=0 TOTAL=3
[2025-06-29T19:51:09.855+0000] {taskinstance.py:1138} INFO - Marking task as SUCCESS. dag_id=films_dag_orchestaror, task_id=dbt_task, execution_date=20250629T195000, start_date=20250629T195101, end_date=20250629T195109
[2025-06-29T19:51:09.898+0000] {local_task_job_runner.py:234} INFO - Task exited with return code 0
[2025-06-29T19:51:09.918+0000] {taskinstance.py:3280} INFO - 0 downstream tasks scheduled from follow-on schedule check
