[2025-06-29T19:57:01.816+0000] {taskinstance.py:1956} INFO - Dependencies all met for dep_context=non-requeueable deps ti=<TaskInstance: films_dag_orchestaror.dbt_task scheduled__2025-06-29T19:56:00+00:00 [queued]>
[2025-06-29T19:57:01.824+0000] {taskinstance.py:1956} INFO - Dependencies all met for dep_context=requeueable deps ti=<TaskInstance: films_dag_orchestaror.dbt_task scheduled__2025-06-29T19:56:00+00:00 [queued]>
[2025-06-29T19:57:01.825+0000] {taskinstance.py:2170} INFO - Starting attempt 1 of 1
[2025-06-29T19:57:01.836+0000] {taskinstance.py:2191} INFO - Executing <Task(DockerOperator): dbt_task> on 2025-06-29 19:56:00+00:00
[2025-06-29T19:57:01.840+0000] {standard_task_runner.py:60} INFO - Started process 343 to run task
[2025-06-29T19:57:01.843+0000] {standard_task_runner.py:87} INFO - Running: ['airflow', 'tasks', 'run', 'films_dag_orchestaror', 'dbt_task', 'scheduled__2025-06-29T19:56:00+00:00', '--job-id', '96', '--raw', '--subdir', 'DAGS_FOLDER/orchestrator.py', '--cfg-path', '/tmp/tmphs2dzm_k']
[2025-06-29T19:57:01.845+0000] {standard_task_runner.py:88} INFO - Job 96: Subtask dbt_task
[2025-06-29T19:57:01.896+0000] {task_command.py:423} INFO - Running <TaskInstance: films_dag_orchestaror.dbt_task scheduled__2025-06-29T19:56:00+00:00 [running]> on host 48d7328e5244
[2025-06-29T19:57:01.988+0000] {taskinstance.py:2480} INFO - Exporting env vars: AIRFLOW_CTX_DAG_OWNER='airflow' AIRFLOW_CTX_DAG_ID='films_dag_orchestaror' AIRFLOW_CTX_TASK_ID='dbt_task' AIRFLOW_CTX_EXECUTION_DATE='2025-06-29T19:56:00+00:00' AIRFLOW_CTX_TRY_NUMBER='1' AIRFLOW_CTX_DAG_RUN_ID='scheduled__2025-06-29T19:56:00+00:00'
[2025-06-29T19:57:02.022+0000] {docker.py:359} INFO - Starting docker container from image ghcr.io/dbt-labs/dbt-postgres:1.9.latest
[2025-06-29T19:57:02.030+0000] {docker.py:367} WARNING - Using remote engine or docker-in-docker and mounting temporary volume from host is not supported. Falling back to `mount_tmp_dir=False` mode. You can set `mount_tmp_dir` parameter to False to disable mounting and remove the warning
[2025-06-29T19:57:04.078+0000] {docker.py:429} INFO - [0m19:57:04  Running with dbt=1.9.0
[2025-06-29T19:57:04.408+0000] {docker.py:429} INFO - [0m19:57:04  Registered adapter: postgres=1.9.0
[2025-06-29T19:57:04.611+0000] {docker.py:429} INFO - [0m19:57:04  [[33mWARNING[0m]: Configuration paths exist in your dbt_project.yml file which do not apply to any resources.
There are 1 unused configuration paths:
- models.my_dbt_project.example
[2025-06-29T19:57:04.778+0000] {docker.py:429} INFO - [0m19:57:04  Found 3 models, 3 sources, 431 macros
[2025-06-29T19:57:04.781+0000] {docker.py:429} INFO - [0m19:57:04
[2025-06-29T19:57:04.782+0000] {docker.py:429} INFO - [0m19:57:04  Concurrency: 4 threads (target='dev')
[2025-06-29T19:57:04.783+0000] {docker.py:429} INFO - [0m19:57:04
[2025-06-29T19:57:04.896+0000] {docker.py:429} INFO - [0m19:57:04  1 of 3 START sql table model dev.film_rating ................................... [RUN]
[2025-06-29T19:57:04.897+0000] {docker.py:429} INFO - [0m19:57:04  2 of 3 START sql table model dev.staging ....................................... [RUN]
[2025-06-29T19:57:05.094+0000] {docker.py:429} INFO - [0m19:57:05  1 of 3 OK created sql table model dev.film_rating .............................. [[32mSELECT 940[0m in 0.19s]
[2025-06-29T19:57:05.095+0000] {docker.py:429} INFO - [0m19:57:05  2 of 3 OK created sql table model dev.staging .................................. [[32mSELECT 940[0m in 0.19s]
[2025-06-29T19:57:05.099+0000] {docker.py:429} INFO - [0m19:57:05  3 of 3 START sql table model dev.film_actors ................................... [RUN]
[2025-06-29T19:57:07.192+0000] {docker.py:429} INFO - [0m19:57:07  3 of 3 OK created sql table model dev.film_actors .............................. [[32mSELECT 2076460[0m in 2.09s]
[2025-06-29T19:57:07.212+0000] {docker.py:429} INFO - [0m19:57:07
[2025-06-29T19:57:07.213+0000] {docker.py:429} INFO - [0m19:57:07  Finished running 3 table models in 0 hours 0 minutes and 2.43 seconds (2.43s).
[2025-06-29T19:57:07.260+0000] {docker.py:429} INFO - [0m19:57:07
[2025-06-29T19:57:07.261+0000] {docker.py:429} INFO - [0m19:57:07  [32mCompleted successfully[0m
[2025-06-29T19:57:07.261+0000] {docker.py:429} INFO - [0m19:57:07
[2025-06-29T19:57:07.262+0000] {docker.py:429} INFO - [0m19:57:07  Done. PASS=3 WARN=0 ERROR=0 SKIP=0 TOTAL=3
[2025-06-29T19:57:08.627+0000] {taskinstance.py:1138} INFO - Marking task as SUCCESS. dag_id=films_dag_orchestaror, task_id=dbt_task, execution_date=20250629T195600, start_date=20250629T195701, end_date=20250629T195708
[2025-06-29T19:57:08.665+0000] {local_task_job_runner.py:234} INFO - Task exited with return code 0
[2025-06-29T19:57:08.686+0000] {taskinstance.py:3280} INFO - 0 downstream tasks scheduled from follow-on schedule check
