[2025-06-29T19:59:02.039+0000] {taskinstance.py:1956} INFO - Dependencies all met for dep_context=non-requeueable deps ti=<TaskInstance: films_dag_orchestaror.dbt_task scheduled__2025-06-29T19:58:00+00:00 [queued]>
[2025-06-29T19:59:02.047+0000] {taskinstance.py:1956} INFO - Dependencies all met for dep_context=requeueable deps ti=<TaskInstance: films_dag_orchestaror.dbt_task scheduled__2025-06-29T19:58:00+00:00 [queued]>
[2025-06-29T19:59:02.048+0000] {taskinstance.py:2170} INFO - Starting attempt 1 of 1
[2025-06-29T19:59:02.059+0000] {taskinstance.py:2191} INFO - Executing <Task(DockerOperator): dbt_task> on 2025-06-29 19:58:00+00:00
[2025-06-29T19:59:02.062+0000] {standard_task_runner.py:60} INFO - Started process 185 to run task
[2025-06-29T19:59:02.066+0000] {standard_task_runner.py:87} INFO - Running: ['airflow', 'tasks', 'run', 'films_dag_orchestaror', 'dbt_task', 'scheduled__2025-06-29T19:58:00+00:00', '--job-id', '101', '--raw', '--subdir', 'DAGS_FOLDER/orchestrator.py', '--cfg-path', '/tmp/tmplu3vskfn']
[2025-06-29T19:59:02.067+0000] {standard_task_runner.py:88} INFO - Job 101: Subtask dbt_task
[2025-06-29T19:59:02.119+0000] {task_command.py:423} INFO - Running <TaskInstance: films_dag_orchestaror.dbt_task scheduled__2025-06-29T19:58:00+00:00 [running]> on host 6dc6e09fdeaa
[2025-06-29T19:59:02.206+0000] {taskinstance.py:2480} INFO - Exporting env vars: AIRFLOW_CTX_DAG_OWNER='airflow' AIRFLOW_CTX_DAG_ID='films_dag_orchestaror' AIRFLOW_CTX_TASK_ID='dbt_task' AIRFLOW_CTX_EXECUTION_DATE='2025-06-29T19:58:00+00:00' AIRFLOW_CTX_TRY_NUMBER='1' AIRFLOW_CTX_DAG_RUN_ID='scheduled__2025-06-29T19:58:00+00:00'
[2025-06-29T19:59:02.235+0000] {docker.py:359} INFO - Starting docker container from image ghcr.io/dbt-labs/dbt-postgres:1.9.latest
[2025-06-29T19:59:02.243+0000] {docker.py:367} WARNING - Using remote engine or docker-in-docker and mounting temporary volume from host is not supported. Falling back to `mount_tmp_dir=False` mode. You can set `mount_tmp_dir` parameter to False to disable mounting and remove the warning
[2025-06-29T19:59:04.453+0000] {docker.py:429} INFO - [0m19:59:04  Running with dbt=1.9.0
[2025-06-29T19:59:04.744+0000] {docker.py:429} INFO - [0m19:59:04  Registered adapter: postgres=1.9.0
[2025-06-29T19:59:04.937+0000] {docker.py:429} INFO - [0m19:59:04  [[33mWARNING[0m]: Configuration paths exist in your dbt_project.yml file which do not apply to any resources.
There are 1 unused configuration paths:
- models.my_dbt_project.example
[2025-06-29T19:59:05.100+0000] {docker.py:429} INFO - [0m19:59:05  Found 3 models, 3 sources, 431 macros
[2025-06-29T19:59:05.103+0000] {docker.py:429} INFO - [0m19:59:05
[2025-06-29T19:59:05.103+0000] {docker.py:429} INFO - [0m19:59:05  Concurrency: 4 threads (target='dev')
[2025-06-29T19:59:05.104+0000] {docker.py:429} INFO - [0m19:59:05
[2025-06-29T19:59:05.249+0000] {docker.py:429} INFO - [0m19:59:05  1 of 3 START sql table model dev.film_rating ................................... [RUN]
[2025-06-29T19:59:05.253+0000] {docker.py:429} INFO - [0m19:59:05  2 of 3 START sql table model dev.staging ....................................... [RUN]
[2025-06-29T19:59:05.464+0000] {docker.py:429} INFO - [0m19:59:05  2 of 3 OK created sql table model dev.staging .................................. [[32mSELECT 980[0m in 0.21s]
[2025-06-29T19:59:05.465+0000] {docker.py:429} INFO - [0m19:59:05  1 of 3 OK created sql table model dev.film_rating .............................. [[32mSELECT 980[0m in 0.21s]
[2025-06-29T19:59:05.470+0000] {docker.py:429} INFO - [0m19:59:05  3 of 3 START sql table model dev.film_actors ................................... [RUN]
[2025-06-29T19:59:07.644+0000] {docker.py:429} INFO - [0m19:59:07  3 of 3 OK created sql table model dev.film_actors .............................. [[32mSELECT 2352980[0m in 2.17s]
[2025-06-29T19:59:07.662+0000] {docker.py:429} INFO - [0m19:59:07
[2025-06-29T19:59:07.663+0000] {docker.py:429} INFO - [0m19:59:07  Finished running 3 table models in 0 hours 0 minutes and 2.56 seconds (2.56s).
[2025-06-29T19:59:07.707+0000] {docker.py:429} INFO - [0m19:59:07
[2025-06-29T19:59:07.707+0000] {docker.py:429} INFO - [0m19:59:07  [32mCompleted successfully[0m
[2025-06-29T19:59:07.708+0000] {docker.py:429} INFO - [0m19:59:07
[2025-06-29T19:59:07.709+0000] {docker.py:429} INFO - [0m19:59:07  Done. PASS=3 WARN=0 ERROR=0 SKIP=0 TOTAL=3
[2025-06-29T19:59:10.173+0000] {taskinstance.py:1138} INFO - Marking task as SUCCESS. dag_id=films_dag_orchestaror, task_id=dbt_task, execution_date=20250629T195800, start_date=20250629T195902, end_date=20250629T195910
[2025-06-29T19:59:10.228+0000] {local_task_job_runner.py:234} INFO - Task exited with return code 0
[2025-06-29T19:59:10.246+0000] {taskinstance.py:3280} INFO - 0 downstream tasks scheduled from follow-on schedule check
