[2025-06-29T19:52:01.962+0000] {taskinstance.py:1956} INFO - Dependencies all met for dep_context=non-requeueable deps ti=<TaskInstance: films_dag_orchestaror.dbt_task scheduled__2025-06-29T19:51:00+00:00 [queued]>
[2025-06-29T19:52:01.971+0000] {taskinstance.py:1956} INFO - Dependencies all met for dep_context=requeueable deps ti=<TaskInstance: films_dag_orchestaror.dbt_task scheduled__2025-06-29T19:51:00+00:00 [queued]>
[2025-06-29T19:52:01.971+0000] {taskinstance.py:2170} INFO - Starting attempt 1 of 1
[2025-06-29T19:52:01.983+0000] {taskinstance.py:2191} INFO - Executing <Task(DockerOperator): dbt_task> on 2025-06-29 19:51:00+00:00
[2025-06-29T19:52:01.987+0000] {standard_task_runner.py:60} INFO - Started process 253 to run task
[2025-06-29T19:52:01.990+0000] {standard_task_runner.py:87} INFO - Running: ['airflow', 'tasks', 'run', 'films_dag_orchestaror', 'dbt_task', 'scheduled__2025-06-29T19:51:00+00:00', '--job-id', '86', '--raw', '--subdir', 'DAGS_FOLDER/orchestrator.py', '--cfg-path', '/tmp/tmpzik390_k']
[2025-06-29T19:52:01.992+0000] {standard_task_runner.py:88} INFO - Job 86: Subtask dbt_task
[2025-06-29T19:52:02.045+0000] {task_command.py:423} INFO - Running <TaskInstance: films_dag_orchestaror.dbt_task scheduled__2025-06-29T19:51:00+00:00 [running]> on host 48d7328e5244
[2025-06-29T19:52:02.132+0000] {taskinstance.py:2480} INFO - Exporting env vars: AIRFLOW_CTX_DAG_OWNER='airflow' AIRFLOW_CTX_DAG_ID='films_dag_orchestaror' AIRFLOW_CTX_TASK_ID='dbt_task' AIRFLOW_CTX_EXECUTION_DATE='2025-06-29T19:51:00+00:00' AIRFLOW_CTX_TRY_NUMBER='1' AIRFLOW_CTX_DAG_RUN_ID='scheduled__2025-06-29T19:51:00+00:00'
[2025-06-29T19:52:02.164+0000] {docker.py:359} INFO - Starting docker container from image ghcr.io/dbt-labs/dbt-postgres:1.9.latest
[2025-06-29T19:52:02.173+0000] {docker.py:367} WARNING - Using remote engine or docker-in-docker and mounting temporary volume from host is not supported. Falling back to `mount_tmp_dir=False` mode. You can set `mount_tmp_dir` parameter to False to disable mounting and remove the warning
[2025-06-29T19:52:04.127+0000] {docker.py:429} INFO - [0m19:52:04  Running with dbt=1.9.0
[2025-06-29T19:52:04.447+0000] {docker.py:429} INFO - [0m19:52:04  Registered adapter: postgres=1.9.0
[2025-06-29T19:52:04.664+0000] {docker.py:429} INFO - [0m19:52:04  [[33mWARNING[0m]: Configuration paths exist in your dbt_project.yml file which do not apply to any resources.
There are 1 unused configuration paths:
- models.my_dbt_project.example
[2025-06-29T19:52:04.829+0000] {docker.py:429} INFO - [0m19:52:04  Found 3 models, 3 sources, 431 macros
[2025-06-29T19:52:04.832+0000] {docker.py:429} INFO - [0m19:52:04
[2025-06-29T19:52:04.832+0000] {docker.py:429} INFO - [0m19:52:04  Concurrency: 4 threads (target='dev')
[2025-06-29T19:52:04.833+0000] {docker.py:429} INFO - [0m19:52:04
[2025-06-29T19:52:04.942+0000] {docker.py:429} INFO - [0m19:52:04  1 of 3 START sql table model dev.film_rating ................................... [RUN]
[2025-06-29T19:52:04.943+0000] {docker.py:429} INFO - [0m19:52:04  2 of 3 START sql table model dev.staging ....................................... [RUN]
[2025-06-29T19:52:05.122+0000] {docker.py:429} INFO - [0m19:52:05  2 of 3 OK created sql table model dev.staging .................................. [[32mSELECT 840[0m in 0.17s]
[2025-06-29T19:52:05.125+0000] {docker.py:429} INFO - [0m19:52:05  1 of 3 OK created sql table model dev.film_rating .............................. [[32mSELECT 840[0m in 0.18s]
[2025-06-29T19:52:05.128+0000] {docker.py:429} INFO - [0m19:52:05  3 of 3 START sql table model dev.film_actors ................................... [RUN]
[2025-06-29T19:52:07.225+0000] {docker.py:429} INFO - [0m19:52:07  3 of 3 OK created sql table model dev.film_actors .............................. [[32mSELECT 1481760[0m in 2.10s]
[2025-06-29T19:52:07.246+0000] {docker.py:429} INFO - [0m19:52:07
[2025-06-29T19:52:07.247+0000] {docker.py:429} INFO - [0m19:52:07  Finished running 3 table models in 0 hours 0 minutes and 2.41 seconds (2.41s).
[2025-06-29T19:52:07.298+0000] {docker.py:429} INFO - [0m19:52:07
[2025-06-29T19:52:07.299+0000] {docker.py:429} INFO - [0m19:52:07  [32mCompleted successfully[0m
[2025-06-29T19:52:07.300+0000] {docker.py:429} INFO - [0m19:52:07
[2025-06-29T19:52:07.301+0000] {docker.py:429} INFO - [0m19:52:07  Done. PASS=3 WARN=0 ERROR=0 SKIP=0 TOTAL=3
[2025-06-29T19:52:08.490+0000] {taskinstance.py:1138} INFO - Marking task as SUCCESS. dag_id=films_dag_orchestaror, task_id=dbt_task, execution_date=20250629T195100, start_date=20250629T195201, end_date=20250629T195208
[2025-06-29T19:52:08.528+0000] {local_task_job_runner.py:234} INFO - Task exited with return code 0
[2025-06-29T19:52:08.552+0000] {taskinstance.py:3280} INFO - 0 downstream tasks scheduled from follow-on schedule check
