[2025-06-29T19:50:01.290+0000] {taskinstance.py:1956} INFO - Dependencies all met for dep_context=non-requeueable deps ti=<TaskInstance: films_dag_orchestaror.dbt_task scheduled__2025-06-29T19:49:00+00:00 [queued]>
[2025-06-29T19:50:01.299+0000] {taskinstance.py:1956} INFO - Dependencies all met for dep_context=requeueable deps ti=<TaskInstance: films_dag_orchestaror.dbt_task scheduled__2025-06-29T19:49:00+00:00 [queued]>
[2025-06-29T19:50:01.299+0000] {taskinstance.py:2170} INFO - Starting attempt 1 of 1
[2025-06-29T19:50:01.311+0000] {taskinstance.py:2191} INFO - Executing <Task(DockerOperator): dbt_task> on 2025-06-29 19:49:00+00:00
[2025-06-29T19:50:01.316+0000] {standard_task_runner.py:60} INFO - Started process 217 to run task
[2025-06-29T19:50:01.319+0000] {standard_task_runner.py:87} INFO - Running: ['airflow', 'tasks', 'run', 'films_dag_orchestaror', 'dbt_task', 'scheduled__2025-06-29T19:49:00+00:00', '--job-id', '82', '--raw', '--subdir', 'DAGS_FOLDER/orchestrator.py', '--cfg-path', '/tmp/tmpmejcp9xa']
[2025-06-29T19:50:01.321+0000] {standard_task_runner.py:88} INFO - Job 82: Subtask dbt_task
[2025-06-29T19:50:01.382+0000] {task_command.py:423} INFO - Running <TaskInstance: films_dag_orchestaror.dbt_task scheduled__2025-06-29T19:49:00+00:00 [running]> on host 48d7328e5244
[2025-06-29T19:50:01.499+0000] {taskinstance.py:2480} INFO - Exporting env vars: AIRFLOW_CTX_DAG_OWNER='airflow' AIRFLOW_CTX_DAG_ID='films_dag_orchestaror' AIRFLOW_CTX_TASK_ID='dbt_task' AIRFLOW_CTX_EXECUTION_DATE='2025-06-29T19:49:00+00:00' AIRFLOW_CTX_TRY_NUMBER='1' AIRFLOW_CTX_DAG_RUN_ID='scheduled__2025-06-29T19:49:00+00:00'
[2025-06-29T19:50:01.533+0000] {docker.py:359} INFO - Starting docker container from image ghcr.io/dbt-labs/dbt-postgres:1.9.latest
[2025-06-29T19:50:01.543+0000] {docker.py:367} WARNING - Using remote engine or docker-in-docker and mounting temporary volume from host is not supported. Falling back to `mount_tmp_dir=False` mode. You can set `mount_tmp_dir` parameter to False to disable mounting and remove the warning
[2025-06-29T19:50:03.475+0000] {docker.py:429} INFO - [0m19:50:03  Running with dbt=1.9.0
[2025-06-29T19:50:03.801+0000] {docker.py:429} INFO - [0m19:50:03  Registered adapter: postgres=1.9.0
[2025-06-29T19:50:04.008+0000] {docker.py:429} INFO - [0m19:50:04  [[33mWARNING[0m]: Configuration paths exist in your dbt_project.yml file which do not apply to any resources.
There are 1 unused configuration paths:
- models.my_dbt_project.example
[2025-06-29T19:50:04.191+0000] {docker.py:429} INFO - [0m19:50:04  Found 3 models, 3 sources, 431 macros
[2025-06-29T19:50:04.195+0000] {docker.py:429} INFO - [0m19:50:04
[2025-06-29T19:50:04.197+0000] {docker.py:429} INFO - [0m19:50:04  Concurrency: 4 threads (target='dev')
[2025-06-29T19:50:04.198+0000] {docker.py:429} INFO - [0m19:50:04
[2025-06-29T19:50:04.382+0000] {docker.py:429} INFO - [0m19:50:04  1 of 3 START sql table model dev.film_rating ................................... [RUN]
[2025-06-29T19:50:04.383+0000] {docker.py:429} INFO - [0m19:50:04  2 of 3 START sql table model dev.staging ....................................... [RUN]
[2025-06-29T19:50:04.634+0000] {docker.py:429} INFO - [0m19:50:04  1 of 3 OK created sql table model dev.film_rating .............................. [[32mSELECT 800[0m in 0.24s]
[2025-06-29T19:50:04.636+0000] {docker.py:429} INFO - [0m19:50:04  2 of 3 OK created sql table model dev.staging .................................. [[32mSELECT 800[0m in 0.25s]
[2025-06-29T19:50:04.641+0000] {docker.py:429} INFO - [0m19:50:04  3 of 3 START sql table model dev.film_actors ................................... [RUN]
[2025-06-29T19:50:06.214+0000] {docker.py:429} INFO - [0m19:50:06  3 of 3 OK created sql table model dev.film_actors .............................. [[32mSELECT 1280000[0m in 1.57s]
[2025-06-29T19:50:06.232+0000] {docker.py:429} INFO - [0m19:50:06
[2025-06-29T19:50:06.232+0000] {docker.py:429} INFO - [0m19:50:06  Finished running 3 table models in 0 hours 0 minutes and 2.03 seconds (2.03s).
[2025-06-29T19:50:06.275+0000] {docker.py:429} INFO - [0m19:50:06
[2025-06-29T19:50:06.276+0000] {docker.py:429} INFO - [0m19:50:06  [32mCompleted successfully[0m
[2025-06-29T19:50:06.277+0000] {docker.py:429} INFO - [0m19:50:06
[2025-06-29T19:50:06.277+0000] {docker.py:429} INFO - [0m19:50:06  Done. PASS=3 WARN=0 ERROR=0 SKIP=0 TOTAL=3
[2025-06-29T19:50:07.823+0000] {taskinstance.py:1138} INFO - Marking task as SUCCESS. dag_id=films_dag_orchestaror, task_id=dbt_task, execution_date=20250629T194900, start_date=20250629T195001, end_date=20250629T195007
[2025-06-29T19:50:07.868+0000] {local_task_job_runner.py:234} INFO - Task exited with return code 0
[2025-06-29T19:50:07.892+0000] {taskinstance.py:3280} INFO - 0 downstream tasks scheduled from follow-on schedule check
