[2025-06-29T18:16:02.010+0000] {taskinstance.py:1956} INFO - Dependencies all met for dep_context=non-requeueable deps ti=<TaskInstance: films_dag_orchestaror.dbt_task scheduled__2025-06-29T18:15:00+00:00 [queued]>
[2025-06-29T18:16:02.019+0000] {taskinstance.py:1956} INFO - Dependencies all met for dep_context=requeueable deps ti=<TaskInstance: films_dag_orchestaror.dbt_task scheduled__2025-06-29T18:15:00+00:00 [queued]>
[2025-06-29T18:16:02.019+0000] {taskinstance.py:2170} INFO - Starting attempt 1 of 1
[2025-06-29T18:16:02.030+0000] {taskinstance.py:2191} INFO - Executing <Task(DockerOperator): dbt_task> on 2025-06-29 18:15:00+00:00
[2025-06-29T18:16:02.034+0000] {standard_task_runner.py:60} INFO - Started process 739 to run task
[2025-06-29T18:16:02.037+0000] {standard_task_runner.py:87} INFO - Running: ['airflow', 'tasks', 'run', 'films_dag_orchestaror', 'dbt_task', 'scheduled__2025-06-29T18:15:00+00:00', '--job-id', '67', '--raw', '--subdir', 'DAGS_FOLDER/orchestrator.py', '--cfg-path', '/tmp/tmp7o7lqy6l']
[2025-06-29T18:16:02.039+0000] {standard_task_runner.py:88} INFO - Job 67: Subtask dbt_task
[2025-06-29T18:16:02.090+0000] {task_command.py:423} INFO - Running <TaskInstance: films_dag_orchestaror.dbt_task scheduled__2025-06-29T18:15:00+00:00 [running]> on host 9909ba106c7b
[2025-06-29T18:16:02.177+0000] {taskinstance.py:2480} INFO - Exporting env vars: AIRFLOW_CTX_DAG_OWNER='airflow' AIRFLOW_CTX_DAG_ID='films_dag_orchestaror' AIRFLOW_CTX_TASK_ID='dbt_task' AIRFLOW_CTX_EXECUTION_DATE='2025-06-29T18:15:00+00:00' AIRFLOW_CTX_TRY_NUMBER='1' AIRFLOW_CTX_DAG_RUN_ID='scheduled__2025-06-29T18:15:00+00:00'
[2025-06-29T18:16:02.209+0000] {docker.py:359} INFO - Starting docker container from image ghcr.io/dbt-labs/dbt-postgres:1.9.latest
[2025-06-29T18:16:02.217+0000] {docker.py:367} WARNING - Using remote engine or docker-in-docker and mounting temporary volume from host is not supported. Falling back to `mount_tmp_dir=False` mode. You can set `mount_tmp_dir` parameter to False to disable mounting and remove the warning
[2025-06-29T18:16:04.010+0000] {docker.py:429} INFO - [0m18:16:04  Running with dbt=1.9.0
[2025-06-29T18:16:04.315+0000] {docker.py:429} INFO - [0m18:16:04  Registered adapter: postgres=1.9.0
[2025-06-29T18:16:04.509+0000] {docker.py:429} INFO - [0m18:16:04  [[33mWARNING[0m]: Configuration paths exist in your dbt_project.yml file which do not apply to any resources.
There are 1 unused configuration paths:
- models.my_dbt_project.example
[2025-06-29T18:16:04.747+0000] {docker.py:429} INFO - [0m18:16:04  Found 3 models, 3 sources, 431 macros
[2025-06-29T18:16:04.751+0000] {docker.py:429} INFO - [0m18:16:04
[2025-06-29T18:16:04.751+0000] {docker.py:429} INFO - [0m18:16:04  Concurrency: 4 threads (target='dev')
[2025-06-29T18:16:04.753+0000] {docker.py:429} INFO - [0m18:16:04
[2025-06-29T18:16:04.866+0000] {docker.py:429} INFO - [0m18:16:04  1 of 3 START sql table model dev.film_rating ................................... [RUN]
[2025-06-29T18:16:04.867+0000] {docker.py:429} INFO - [0m18:16:04  2 of 3 START sql table model dev.staging ....................................... [RUN]
[2025-06-29T18:16:05.036+0000] {docker.py:429} INFO - [0m18:16:05  2 of 3 OK created sql table model dev.staging .................................. [[32mSELECT 660[0m in 0.16s]
[2025-06-29T18:16:05.039+0000] {docker.py:429} INFO - [0m18:16:05  1 of 3 OK created sql table model dev.film_rating .............................. [[32mSELECT 660[0m in 0.17s]
[2025-06-29T18:16:05.042+0000] {docker.py:429} INFO - [0m18:16:05  3 of 3 START sql table model dev.film_actors ................................... [RUN]
[2025-06-29T18:16:05.894+0000] {docker.py:429} INFO - [0m18:16:05  3 of 3 OK created sql table model dev.film_actors .............................. [[32mSELECT 718740[0m in 0.85s]
[2025-06-29T18:16:05.912+0000] {docker.py:429} INFO - [0m18:16:05
[2025-06-29T18:16:05.912+0000] {docker.py:429} INFO - [0m18:16:05  Finished running 3 table models in 0 hours 0 minutes and 1.16 seconds (1.16s).
[2025-06-29T18:16:05.956+0000] {docker.py:429} INFO - [0m18:16:05
[2025-06-29T18:16:05.957+0000] {docker.py:429} INFO - [0m18:16:05  [32mCompleted successfully[0m
[2025-06-29T18:16:05.957+0000] {docker.py:429} INFO - [0m18:16:05
[2025-06-29T18:16:05.958+0000] {docker.py:429} INFO - [0m18:16:05  Done. PASS=3 WARN=0 ERROR=0 SKIP=0 TOTAL=3
[2025-06-29T18:16:07.348+0000] {taskinstance.py:1138} INFO - Marking task as SUCCESS. dag_id=films_dag_orchestaror, task_id=dbt_task, execution_date=20250629T181500, start_date=20250629T181602, end_date=20250629T181607
[2025-06-29T18:16:07.389+0000] {local_task_job_runner.py:234} INFO - Task exited with return code 0
[2025-06-29T18:16:07.410+0000] {taskinstance.py:3280} INFO - 0 downstream tasks scheduled from follow-on schedule check
