[2025-06-29T19:53:02.151+0000] {taskinstance.py:1956} INFO - Dependencies all met for dep_context=non-requeueable deps ti=<TaskInstance: films_dag_orchestaror.dbt_task scheduled__2025-06-29T19:52:00+00:00 [queued]>
[2025-06-29T19:53:02.159+0000] {taskinstance.py:1956} INFO - Dependencies all met for dep_context=requeueable deps ti=<TaskInstance: films_dag_orchestaror.dbt_task scheduled__2025-06-29T19:52:00+00:00 [queued]>
[2025-06-29T19:53:02.160+0000] {taskinstance.py:2170} INFO - Starting attempt 1 of 1
[2025-06-29T19:53:02.171+0000] {taskinstance.py:2191} INFO - Executing <Task(DockerOperator): dbt_task> on 2025-06-29 19:52:00+00:00
[2025-06-29T19:53:02.175+0000] {standard_task_runner.py:60} INFO - Started process 271 to run task
[2025-06-29T19:53:02.179+0000] {standard_task_runner.py:87} INFO - Running: ['airflow', 'tasks', 'run', 'films_dag_orchestaror', 'dbt_task', 'scheduled__2025-06-29T19:52:00+00:00', '--job-id', '88', '--raw', '--subdir', 'DAGS_FOLDER/orchestrator.py', '--cfg-path', '/tmp/tmp4z2uzicc']
[2025-06-29T19:53:02.181+0000] {standard_task_runner.py:88} INFO - Job 88: Subtask dbt_task
[2025-06-29T19:53:02.232+0000] {task_command.py:423} INFO - Running <TaskInstance: films_dag_orchestaror.dbt_task scheduled__2025-06-29T19:52:00+00:00 [running]> on host 48d7328e5244
[2025-06-29T19:53:02.321+0000] {taskinstance.py:2480} INFO - Exporting env vars: AIRFLOW_CTX_DAG_OWNER='airflow' AIRFLOW_CTX_DAG_ID='films_dag_orchestaror' AIRFLOW_CTX_TASK_ID='dbt_task' AIRFLOW_CTX_EXECUTION_DATE='2025-06-29T19:52:00+00:00' AIRFLOW_CTX_TRY_NUMBER='1' AIRFLOW_CTX_DAG_RUN_ID='scheduled__2025-06-29T19:52:00+00:00'
[2025-06-29T19:53:02.354+0000] {docker.py:359} INFO - Starting docker container from image ghcr.io/dbt-labs/dbt-postgres:1.9.latest
[2025-06-29T19:53:02.363+0000] {docker.py:367} WARNING - Using remote engine or docker-in-docker and mounting temporary volume from host is not supported. Falling back to `mount_tmp_dir=False` mode. You can set `mount_tmp_dir` parameter to False to disable mounting and remove the warning
[2025-06-29T19:53:04.462+0000] {docker.py:429} INFO - [0m19:53:04  Running with dbt=1.9.0
[2025-06-29T19:53:04.794+0000] {docker.py:429} INFO - [0m19:53:04  Registered adapter: postgres=1.9.0
[2025-06-29T19:53:05.010+0000] {docker.py:429} INFO - [0m19:53:05  [[33mWARNING[0m]: Configuration paths exist in your dbt_project.yml file which do not apply to any resources.
There are 1 unused configuration paths:
- models.my_dbt_project.example
[2025-06-29T19:53:05.178+0000] {docker.py:429} INFO - [0m19:53:05  Found 3 models, 3 sources, 431 macros
[2025-06-29T19:53:05.181+0000] {docker.py:429} INFO - [0m19:53:05
[2025-06-29T19:53:05.182+0000] {docker.py:429} INFO - [0m19:53:05  Concurrency: 4 threads (target='dev')
[2025-06-29T19:53:05.183+0000] {docker.py:429} INFO - [0m19:53:05
[2025-06-29T19:53:05.302+0000] {docker.py:429} INFO - [0m19:53:05  1 of 3 START sql table model dev.film_rating ................................... [RUN]
[2025-06-29T19:53:05.303+0000] {docker.py:429} INFO - [0m19:53:05  2 of 3 START sql table model dev.staging ....................................... [RUN]
[2025-06-29T19:53:05.489+0000] {docker.py:429} INFO - [0m19:53:05  2 of 3 OK created sql table model dev.staging .................................. [[32mSELECT 860[0m in 0.18s]
[2025-06-29T19:53:05.493+0000] {docker.py:429} INFO - [0m19:53:05  1 of 3 OK created sql table model dev.film_rating .............................. [[32mSELECT 860[0m in 0.19s]
[2025-06-29T19:53:05.496+0000] {docker.py:429} INFO - [0m19:53:05  3 of 3 START sql table model dev.film_actors ................................... [RUN]
[2025-06-29T19:53:07.504+0000] {docker.py:429} INFO - [0m19:53:07  3 of 3 OK created sql table model dev.film_actors .............................. [[32mSELECT 1590140[0m in 2.01s]
[2025-06-29T19:53:07.525+0000] {docker.py:429} INFO - [0m19:53:07
[2025-06-29T19:53:07.526+0000] {docker.py:429} INFO - [0m19:53:07  Finished running 3 table models in 0 hours 0 minutes and 2.34 seconds (2.34s).
[2025-06-29T19:53:07.581+0000] {docker.py:429} INFO - [0m19:53:07
[2025-06-29T19:53:07.582+0000] {docker.py:429} INFO - [0m19:53:07  [32mCompleted successfully[0m
[2025-06-29T19:53:07.583+0000] {docker.py:429} INFO - [0m19:53:07
[2025-06-29T19:53:07.584+0000] {docker.py:429} INFO - [0m19:53:07  Done. PASS=3 WARN=0 ERROR=0 SKIP=0 TOTAL=3
[2025-06-29T19:53:11.902+0000] {taskinstance.py:1138} INFO - Marking task as SUCCESS. dag_id=films_dag_orchestaror, task_id=dbt_task, execution_date=20250629T195200, start_date=20250629T195302, end_date=20250629T195311
[2025-06-29T19:53:11.933+0000] {local_task_job_runner.py:234} INFO - Task exited with return code 0
[2025-06-29T19:53:11.955+0000] {taskinstance.py:3280} INFO - 0 downstream tasks scheduled from follow-on schedule check
